Using pre-set license
Built from '2020.3/staging' branch; Version is '2020.3.26f1 (7298b473bc1a) revision 7510196'; Using compiler version '192528614'; Build Type 'Release'
OS: 'Windows 10  (10.0.19042) 64bit CoreCountrySpecific' Language: 'zh' Physical Memory: 15742 MB
BatchMode: 1, IsHumanControllingUs: 0, StartBugReporterOnCrash: 0, Is64bit: 1, IsPro: 0

COMMAND LINE ARGUMENTS:
D:\Unity\2020.3.26f1\Editor\Unity.exe
-adb2
-batchMode
-noUpm
-name
AssetImportWorker0
-projectPath
D:/文档/学习用/Alternate Realities/Project1_Kid-Court/Kid Court
-logFile
Logs/AssetImportWorker0.log
-srvPort
50282
Successfully changed project path to: D:/文档/学习用/Alternate Realities/Project1_Kid-Court/Kid Court
D:/文档/学习用/Alternate Realities/Project1_Kid-Court/Kid Court
Using Asset Import Pipeline V2.
Refreshing native plugins compatible for Editor in 62.79 ms, found 2 plugins.
Preloading 0 native plugins for Editor in 0.00 ms.
Initialize engine version: 2020.3.26f1 (7298b473bc1a)
[Subsystems] Discovering subsystems at path D:/Unity/2020.3.26f1/Editor/Data/Resources/UnitySubsystems
[Subsystems] Discovering subsystems at path D:/文档/学习用/Alternate Realities/Project1_Kid-Court/Kid Court/Assets
GfxDevice: creating device client; threaded=0
Direct3D:
    Version:  Direct3D 11.0 [level 11.1]
    Renderer: NVIDIA GeForce RTX 2060 with Max-Q Design (ID=0x1f12)
    Vendor:   
    VRAM:     5980 MB
    Driver:   30.0.14.7219
Initialize mono
Mono path[0] = 'D:/Unity/2020.3.26f1/Editor/Data/Managed'
Mono path[1] = 'D:/Unity/2020.3.26f1/Editor/Data/MonoBleedingEdge/lib/mono/unityjit'
Mono config path = 'D:/Unity/2020.3.26f1/Editor/Data/MonoBleedingEdge/etc'
Using monoOptions --debugger-agent=transport=dt_socket,embedding=1,server=y,suspend=n,address=127.0.0.1:56756
Begin MonoManager ReloadAssembly
Registering precompiled unity dll's ...
Register platform support module: D:/Unity/2020.3.26f1/Editor/Data/PlaybackEngines/MacStandaloneSupport/UnityEditor.OSXStandalone.Extensions.dll
Register platform support module: D:/Unity/2020.3.26f1/Editor/Data/PlaybackEngines/WindowsStandaloneSupport/UnityEditor.WindowsStandalone.Extensions.dll
Registered in 0.002703 seconds.
Native extension for WindowsStandalone target not found
Native extension for OSXStandalone target not found
Refreshing native plugins compatible for Editor in 58.73 ms, found 2 plugins.
Preloading 0 native plugins for Editor in 0.00 ms.
Mono: successfully reloaded assembly
- Completed reload, in  0.627 seconds
Domain Reload Profiling:
	ReloadAssembly (628ms)
		BeginReloadAssembly (94ms)
			ExecutionOrderSort (0ms)
			DisableScriptedObjects (0ms)
			BackupInstance (0ms)
			ReleaseScriptingObjects (0ms)
			CreateAndSetChildDomain (1ms)
		EndReloadAssembly (459ms)
			LoadAssemblies (92ms)
			RebuildTransferFunctionScriptingTraits (0ms)
			SetupTypeCache (149ms)
			ReleaseScriptCaches (0ms)
			RebuildScriptCaches (30ms)
			SetupLoadedEditorAssemblies (182ms)
				LogAssemblyErrors (0ms)
				InitializePlatformSupportModulesInManaged (5ms)
				SetLoadedEditorAssemblies (0ms)
				RefreshPlugins (59ms)
				BeforeProcessingInitializeOnLoad (16ms)
				ProcessInitializeOnLoadAttributes (72ms)
				ProcessInitializeOnLoadMethodAttributes (30ms)
				AfterProcessingInitializeOnLoad (0ms)
				EditorAssembliesLoaded (0ms)
			ExecutionOrderSort2 (0ms)
			AwakeInstancesAfterBackupRestoration (0ms)
Platform modules already initialized, skipping
Registering precompiled user dll's ...
Registered in 0.006326 seconds.
Begin MonoManager ReloadAssembly
Native extension for WindowsStandalone target not found
Native extension for OSXStandalone target not found
Refreshing native plugins compatible for Editor in 64.95 ms, found 2 plugins.
Preloading 0 native plugins for Editor in 0.00 ms.
Mono: successfully reloaded assembly
- Completed reload, in  1.292 seconds
Domain Reload Profiling:
	ReloadAssembly (1294ms)
		BeginReloadAssembly (188ms)
			ExecutionOrderSort (0ms)
			DisableScriptedObjects (4ms)
			BackupInstance (0ms)
			ReleaseScriptingObjects (0ms)
			CreateAndSetChildDomain (19ms)
		EndReloadAssembly (1042ms)
			LoadAssemblies (151ms)
			RebuildTransferFunctionScriptingTraits (0ms)
			SetupTypeCache (366ms)
			ReleaseScriptCaches (1ms)
			RebuildScriptCaches (56ms)
			SetupLoadedEditorAssemblies (399ms)
				LogAssemblyErrors (0ms)
				InitializePlatformSupportModulesInManaged (4ms)
				SetLoadedEditorAssemblies (0ms)
				RefreshPlugins (65ms)
				BeforeProcessingInitializeOnLoad (112ms)
				ProcessInitializeOnLoadAttributes (201ms)
				ProcessInitializeOnLoadMethodAttributes (9ms)
				AfterProcessingInitializeOnLoad (7ms)
				EditorAssembliesLoaded (0ms)
			ExecutionOrderSort2 (0ms)
			AwakeInstancesAfterBackupRestoration (5ms)
Platform modules already initialized, skipping
========================================================================
Worker process is ready to serve import requests
Launched and connected shader compiler UnityShaderCompiler.exe after 0.11 seconds
Refreshing native plugins compatible for Editor in 0.70 ms, found 2 plugins.
Preloading 0 native plugins for Editor in 0.00 ms.
Unloading 3306 Unused Serialized files (Serialized files now loaded: 0)
System memory in use before: 151.8 MB.
System memory in use after: 152.0 MB.

Unloading 20 unused Assets to reduce memory usage. Loaded Objects now: 3746.
Total: 3.485300 ms (FindLiveObjects: 0.327300 ms CreateObjectMapping: 0.083500 ms MarkObjects: 2.981300 ms  DeleteObjects: 0.091300 ms)

AssetImportParameters requested are different than current active one (requested -> active):
  custom:framework-win-MediaFoundation: 216162199b28c13a410421893ffa2e32 -> 
  custom:video-decoder-ogg-theora: a1e56fd34408186e4bbccfd4996cb3dc -> 
  custom:container-muxer-webm: aa71ff27fc2769a1b78a27578f13a17b -> 
  custom:container-demuxer-webm: 4f35f7cbe854078d1ac9338744f61a02 -> 
  custom:container-demuxer-ogg: 62fdf1f143b41e24485cea50d1cbac27 -> 
  custom:video-encoder-webm-vp8: eb34c28f22e8b96e1ab97ce403110664 -> 
  custom:video-codec-MediaFoundation-h265: 746d11721c4dcdbdad8f713fa42b33f4 -> 
  custom:video-decoder-webm-vp8: 9c59270c3fd7afecdb556c50c9e8de78 -> 
  custom:audio-decoder-ogg-vorbis: bf7c407c2cedff20999df2af8eb42d56 -> 
  custom:audio-encoder-webm-vorbis: bf7c407c2cedff20999df2af8eb42d56 -> 
========================================================================
Received Import Request.
  path: Assets/letter-balloons/letterballoons/letterballoons.obj
  artifactKey: Guid(5fcee04a5198522418e7d18cb39b1e6f) Importer(815301076,1909f56bfc062723c751e8b465ee728b)
Start importing Assets/letter-balloons/letterballoons/letterballoons.obj using Guid(5fcee04a5198522418e7d18cb39b1e6f) Importer(815301076,1909f56bfc062723c751e8b465ee728b)  -> (artifact id: 'a57eb15a16885f762c3965598a73d1fa') in 0.485861 seconds 
  Import took 0.491408 seconds .

========================================================================
Received Import Request.
  Time since last request: 312.768484 seconds.
  path: Assets/RawWoodenFurnitureFree/RawWoodenFurnitureFree
  artifactKey: Guid(a32f82c4e93e7dc499a5eca85ede95e9) Importer(815301076,1909f56bfc062723c751e8b465ee728b)
Start importing Assets/RawWoodenFurnitureFree/RawWoodenFurnitureFree using Guid(a32f82c4e93e7dc499a5eca85ede95e9) Importer(815301076,1909f56bfc062723c751e8b465ee728b)  -> (artifact id: '4a22424e108c99ab78456937d8598b06') in 0.007195 seconds 
  Import took 0.012467 seconds .

========================================================================
Received Import Request.
  Time since last request: 118.767657 seconds.
  path: Assets/letters-numbers/source
  artifactKey: Guid(c847fa0b6cc91d242a6d576e737eb35b) Importer(815301076,1909f56bfc062723c751e8b465ee728b)
Start importing Assets/letters-numbers/source using Guid(c847fa0b6cc91d242a6d576e737eb35b) Importer(815301076,1909f56bfc062723c751e8b465ee728b)  -> (artifact id: 'afd0c2382679ef71cb5ec64edee455b0') in 0.004125 seconds 
  Import took 0.009175 seconds .

========================================================================
Received Import Request.
  Time since last request: 0.053711 seconds.
  path: Assets/letters-numbers/source/Letters + Numbers.fbx
  artifactKey: Guid(8ec5ed1dad26ae24094db2ddc255d6dd) Importer(815301076,1909f56bfc062723c751e8b465ee728b)
Start importing Assets/letters-numbers/source/Letters + Numbers.fbx using Guid(8ec5ed1dad26ae24094db2ddc255d6dd) Importer(815301076,1909f56bfc062723c751e8b465ee728b)  -> (artifact id: 'cea437c38edf9a15eee2f4f66af31fb1') in 0.922238 seconds 
  Import took 0.928493 seconds .

========================================================================
Received Import Request.
  Time since last request: 3935.258610 seconds.
  path: Assets/sign/source
  artifactKey: Guid(b996c37c06c81c345a7318e5ced61d6c) Importer(815301076,1909f56bfc062723c751e8b465ee728b)
Start importing Assets/sign/source using Guid(b996c37c06c81c345a7318e5ced61d6c) Importer(815301076,1909f56bfc062723c751e8b465ee728b)  -> (artifact id: '2bb6eb1ebbf228a40120391f306055b8') in 0.004711 seconds 
  Import took 0.011151 seconds .

========================================================================
Received Import Request.
  Time since last request: 0.048445 seconds.
  path: Assets/sign/source/Sign.obj
  artifactKey: Guid(0aa6b84988b4faa409ccc1c93815c133) Importer(815301076,1909f56bfc062723c751e8b465ee728b)
Start importing Assets/sign/source/Sign.obj using Guid(0aa6b84988b4faa409ccc1c93815c133) Importer(815301076,1909f56bfc062723c751e8b465ee728b)  -> (artifact id: 'be6690920d5b1f40478e9336b35167f7') in 0.112673 seconds 
  Import took 0.118352 seconds .

========================================================================
Received Import Request.
  Time since last request: 67.087007 seconds.
  path: Assets/RawWoodenFurnitureFree/Textures/BedsV1.png
  artifactKey: Guid(7af63757bc4132e48a47644c7980cd10) Importer(815301076,1909f56bfc062723c751e8b465ee728b)
Start importing Assets/RawWoodenFurnitureFree/Textures/BedsV1.png using Guid(7af63757bc4132e48a47644c7980cd10) Importer(815301076,1909f56bfc062723c751e8b465ee728b)  -> (artifact id: 'ca00d4de2c86a971beea5d16047f8544') in 0.052278 seconds 
  Import took 0.058820 seconds .

========================================================================
Received Import Request.
  Time since last request: 0.000336 seconds.
  path: Assets/RawWoodenFurnitureFree/Textures/Stool01_albedoV1.png
  artifactKey: Guid(dd6433f524989d54eb82928446aa45da) Importer(815301076,1909f56bfc062723c751e8b465ee728b)
Start importing Assets/RawWoodenFurnitureFree/Textures/Stool01_albedoV1.png using Guid(dd6433f524989d54eb82928446aa45da) Importer(815301076,1909f56bfc062723c751e8b465ee728b)  -> (artifact id: '0899b946ee95546522ebbcddb05898cc') in 0.015583 seconds 
  Import took 0.021241 seconds .

========================================================================
Received Import Request.
  Time since last request: 0.000438 seconds.
  path: Assets/RawWoodenFurnitureFree/Textures/Cabinets00_albedoV1.png
  artifactKey: Guid(00d6160ed160b4b4fb8876504640f483) Importer(815301076,1909f56bfc062723c751e8b465ee728b)
Start importing Assets/RawWoodenFurnitureFree/Textures/Cabinets00_albedoV1.png using Guid(00d6160ed160b4b4fb8876504640f483) Importer(815301076,1909f56bfc062723c751e8b465ee728b)  -> (artifact id: '25edc1b0d6be01ddd8abe50057d2813e') in 0.012794 seconds 
  Import took 0.018259 seconds .

========================================================================
Received Import Request.
  Time since last request: 0.000331 seconds.
  path: Assets/RawWoodenFurnitureFree/Textures/Chair02_albedoV2.png
  artifactKey: Guid(d7456299277b9ff4db8b3193f85f71ae) Importer(815301076,1909f56bfc062723c751e8b465ee728b)
Start importing Assets/RawWoodenFurnitureFree/Textures/Chair02_albedoV2.png using Guid(d7456299277b9ff4db8b3193f85f71ae) Importer(815301076,1909f56bfc062723c751e8b465ee728b)  -> (artifact id: '273bf9716d91388607963204312f5917') in 0.014834 seconds 
  Import took 0.020778 seconds .

========================================================================
Received Import Request.
  Time since last request: 0.000413 seconds.
  path: Assets/RawWoodenFurnitureFree/Textures/Table02_albedoV1.png
  artifactKey: Guid(46a75c6d623aa804d86b834101a4260a) Importer(815301076,1909f56bfc062723c751e8b465ee728b)
Start importing Assets/RawWoodenFurnitureFree/Textures/Table02_albedoV1.png using Guid(46a75c6d623aa804d86b834101a4260a) Importer(815301076,1909f56bfc062723c751e8b465ee728b)  -> (artifact id: '3c2d85157c3eb09e4d2dc6f471274363') in 0.013934 seconds 
  Import took 0.019588 seconds .

========================================================================
Received Import Request.
  Time since last request: 0.000308 seconds.
  path: Assets/RawWoodenFurnitureFree/Textures/Table01_albedoV2.png
  artifactKey: Guid(2b5436503a095884887bdba577a961fd) Importer(815301076,1909f56bfc062723c751e8b465ee728b)
Start importing Assets/RawWoodenFurnitureFree/Textures/Table01_albedoV2.png using Guid(2b5436503a095884887bdba577a961fd) Importer(815301076,1909f56bfc062723c751e8b465ee728b)  -> (artifact id: '6be55ba8b0a5e132d1544e217cbdbbb0') in 0.011899 seconds 
  Import took 0.017004 seconds .

========================================================================
Received Import Request.
  Time since last request: 1351.926176 seconds.
  path: Assets/Materials/TV Screen.jpg
  artifactKey: Guid(15314c4a32e8eb540adc992119eccd23) Importer(815301076,1909f56bfc062723c751e8b465ee728b)
Start importing Assets/Materials/TV Screen.jpg using Guid(15314c4a32e8eb540adc992119eccd23) Importer(815301076,1909f56bfc062723c751e8b465ee728b)  -> (artifact id: 'c3880a261ccfe72d71cec84347dac6d9') in 0.031699 seconds 
  Import took 0.038964 seconds .

========================================================================
Received Import Request.
  Time since last request: 292.700391 seconds.
  path: Assets/Materials/Screen.mat
  artifactKey: Guid(f3d45c6713cbffb47b3c46e8185550c8) Importer(815301076,1909f56bfc062723c751e8b465ee728b)
Start importing Assets/Materials/Screen.mat using Guid(f3d45c6713cbffb47b3c46e8185550c8) Importer(815301076,1909f56bfc062723c751e8b465ee728b)  -> (artifact id: '3d6a18213b72b4751a8ce6c4b2482031') in 0.030205 seconds 
  Import took 0.035581 seconds .

========================================================================
Received Import Request.
  Time since last request: 816.590636 seconds.
  path: Assets/Materials/Mirror Screen.jpg
  artifactKey: Guid(44c47fc8a5733f844a88e91989145aac) Importer(815301076,1909f56bfc062723c751e8b465ee728b)
Start importing Assets/Materials/Mirror Screen.jpg using Guid(44c47fc8a5733f844a88e91989145aac) Importer(815301076,1909f56bfc062723c751e8b465ee728b)  -> (artifact id: '98eb29dd7c10c4de3279ea350bb70742') in 0.020244 seconds 
  Import took 0.027540 seconds .

========================================================================
Received Import Request.
  Time since last request: 206.626882 seconds.
  path: Assets/Materials/Screen.mat
  artifactKey: Guid(f3d45c6713cbffb47b3c46e8185550c8) Importer(815301076,1909f56bfc062723c751e8b465ee728b)
Start importing Assets/Materials/Screen.mat using Guid(f3d45c6713cbffb47b3c46e8185550c8) Importer(815301076,1909f56bfc062723c751e8b465ee728b)  -> (artifact id: 'b6185b6502eecf2a7136a613443d953e') in 0.023964 seconds 
  Import took 0.030256 seconds .

========================================================================
Received Import Request.
  Time since last request: 0.000473 seconds.
  path: Assets/Materials/Sign.mat
  artifactKey: Guid(8bfff67cdc2017c48a8937d0a21c787f) Importer(815301076,1909f56bfc062723c751e8b465ee728b)
Start importing Assets/Materials/Sign.mat using Guid(8bfff67cdc2017c48a8937d0a21c787f) Importer(815301076,1909f56bfc062723c751e8b465ee728b)  -> (artifact id: '174bff2f12ad3b87744c109c1d62db4c') in 0.030436 seconds 
  Import took 0.035927 seconds .

========================================================================
Received Prepare
Registering precompiled user dll's ...
Registered in 0.006076 seconds.
Begin MonoManager ReloadAssembly
Native extension for WindowsStandalone target not found
Native extension for OSXStandalone target not found
Refreshing native plugins compatible for Editor in 0.69 ms, found 2 plugins.
Preloading 0 native plugins for Editor in 0.00 ms.
Mono: successfully reloaded assembly
- Completed reload, in  1.311 seconds
Domain Reload Profiling:
	ReloadAssembly (1314ms)
		BeginReloadAssembly (271ms)
			ExecutionOrderSort (0ms)
			DisableScriptedObjects (16ms)
			BackupInstance (0ms)
			ReleaseScriptingObjects (0ms)
			CreateAndSetChildDomain (83ms)
		EndReloadAssembly (980ms)
			LoadAssemblies (168ms)
			RebuildTransferFunctionScriptingTraits (0ms)
			SetupTypeCache (357ms)
			ReleaseScriptCaches (1ms)
			RebuildScriptCaches (46ms)
			SetupLoadedEditorAssemblies (325ms)
				LogAssemblyErrors (0ms)
				InitializePlatformSupportModulesInManaged (5ms)
				SetLoadedEditorAssemblies (1ms)
				RefreshPlugins (1ms)
				BeforeProcessingInitializeOnLoad (101ms)
				ProcessInitializeOnLoadAttributes (201ms)
				ProcessInitializeOnLoadMethodAttributes (9ms)
				AfterProcessingInitializeOnLoad (7ms)
				EditorAssembliesLoaded (0ms)
			ExecutionOrderSort2 (0ms)
			AwakeInstancesAfterBackupRestoration (13ms)
Platform modules already initialized, skipping
Refreshing native plugins compatible for Editor in 1.22 ms, found 2 plugins.
Preloading 0 native plugins for Editor in 0.00 ms.
Unloading 3166 Unused Serialized files (Serialized files now loaded: 0)
System memory in use before: 147.4 MB.
System memory in use after: 147.6 MB.

Unloading 15 unused Assets to reduce memory usage. Loaded Objects now: 3830.
Total: 3.901600 ms (FindLiveObjects: 0.414200 ms CreateObjectMapping: 0.082900 ms MarkObjects: 3.360800 ms  DeleteObjects: 0.041800 ms)

AssetImportParameters requested are different than current active one (requested -> active):
  custom:framework-win-MediaFoundation: 216162199b28c13a410421893ffa2e32 -> 
  custom:video-decoder-ogg-theora: a1e56fd34408186e4bbccfd4996cb3dc -> 
  custom:container-muxer-webm: aa71ff27fc2769a1b78a27578f13a17b -> 
  custom:container-demuxer-webm: 4f35f7cbe854078d1ac9338744f61a02 -> 
  custom:container-demuxer-ogg: 62fdf1f143b41e24485cea50d1cbac27 -> 
  custom:video-encoder-webm-vp8: eb34c28f22e8b96e1ab97ce403110664 -> 
  custom:video-codec-MediaFoundation-h265: 746d11721c4dcdbdad8f713fa42b33f4 -> 
  custom:video-decoder-webm-vp8: 9c59270c3fd7afecdb556c50c9e8de78 -> 
  custom:audio-decoder-ogg-vorbis: bf7c407c2cedff20999df2af8eb42d56 -> 
  custom:audio-encoder-webm-vorbis: bf7c407c2cedff20999df2af8eb42d56 -> 
========================================================================
Received Import Request.
  Time since last request: 501.717968 seconds.
  path: Assets/Materials/Sign.jpg
  artifactKey: Guid(b3f8d907f01fab640952ed0e68b14a01) Importer(815301076,1909f56bfc062723c751e8b465ee728b)
Start importing Assets/Materials/Sign.jpg using Guid(b3f8d907f01fab640952ed0e68b14a01) Importer(815301076,1909f56bfc062723c751e8b465ee728b)  -> (artifact id: 'b12eabfb1bf99d43cfd20abee1c01510') in 0.084756 seconds 
  Import took 0.090758 seconds .

========================================================================
Received Import Request.
  Time since last request: 270.736037 seconds.
  path: Assets/Materials/Sign.jpg
  artifactKey: Guid(b3f8d907f01fab640952ed0e68b14a01) Importer(815301076,1909f56bfc062723c751e8b465ee728b)
Start importing Assets/Materials/Sign.jpg using Guid(b3f8d907f01fab640952ed0e68b14a01) Importer(815301076,1909f56bfc062723c751e8b465ee728b)  -> (artifact id: '0a34d5afb23262eca28996a4bdaa9abc') in 0.017251 seconds 
  Import took 0.022818 seconds .

========================================================================
Received Import Request.
  Time since last request: 37.712313 seconds.
  path: Assets/Materials/Sign.mat
  artifactKey: Guid(8bfff67cdc2017c48a8937d0a21c787f) Importer(815301076,1909f56bfc062723c751e8b465ee728b)
Start importing Assets/Materials/Sign.mat using Guid(8bfff67cdc2017c48a8937d0a21c787f) Importer(815301076,1909f56bfc062723c751e8b465ee728b)  -> (artifact id: '1e4c5d4c7aff5712cf34400bb46e2f98') in 0.147062 seconds 
  Import took 0.152350 seconds .

========================================================================
Received Prepare
Registering precompiled user dll's ...
Registered in 0.058518 seconds.
Begin MonoManager ReloadAssembly
Native extension for WindowsStandalone target not found
Native extension for OSXStandalone target not found
Refreshing native plugins compatible for Editor in 1.43 ms, found 2 plugins.
Preloading 0 native plugins for Editor in 0.00 ms.
Mono: successfully reloaded assembly
- Completed reload, in  6.629 seconds
Domain Reload Profiling:
	ReloadAssembly (6664ms)
		BeginReloadAssembly (3710ms)
			ExecutionOrderSort (6ms)
			DisableScriptedObjects (94ms)
			BackupInstance (0ms)
			ReleaseScriptingObjects (3ms)
			CreateAndSetChildDomain (2923ms)
		EndReloadAssembly (2710ms)
			LoadAssemblies (544ms)
			RebuildTransferFunctionScriptingTraits (8ms)
			SetupTypeCache (969ms)
			ReleaseScriptCaches (7ms)
			RebuildScriptCaches (121ms)
			SetupLoadedEditorAssemblies (746ms)
				LogAssemblyErrors (0ms)
				InitializePlatformSupportModulesInManaged (11ms)
				SetLoadedEditorAssemblies (1ms)
				RefreshPlugins (2ms)
				BeforeProcessingInitializeOnLoad (214ms)
				ProcessInitializeOnLoadAttributes (483ms)
				ProcessInitializeOnLoadMethodAttributes (21ms)
				AfterProcessingInitializeOnLoad (14ms)
				EditorAssembliesLoaded (0ms)
			ExecutionOrderSort2 (0ms)
			AwakeInstancesAfterBackupRestoration (34ms)
Platform modules already initialized, skipping
Refreshing native plugins compatible for Editor in 1.51 ms, found 2 plugins.
Preloading 0 native plugins for Editor in 0.00 ms.
Unloading 3166 Unused Serialized files (Serialized files now loaded: 0)
System memory in use before: 147.5 MB.
System memory in use after: 147.8 MB.

Unloading 15 unused Assets to reduce memory usage. Loaded Objects now: 3869.
Total: 9.570100 ms (FindLiveObjects: 1.329000 ms CreateObjectMapping: 0.360800 ms MarkObjects: 7.765400 ms  DeleteObjects: 0.111200 ms)

AssetImportParameters requested are different than current active one (requested -> active):
  custom:framework-win-MediaFoundation: 216162199b28c13a410421893ffa2e32 -> 
  custom:video-decoder-ogg-theora: a1e56fd34408186e4bbccfd4996cb3dc -> 
  custom:container-muxer-webm: aa71ff27fc2769a1b78a27578f13a17b -> 
  custom:container-demuxer-webm: 4f35f7cbe854078d1ac9338744f61a02 -> 
  custom:container-demuxer-ogg: 62fdf1f143b41e24485cea50d1cbac27 -> 
  custom:video-encoder-webm-vp8: eb34c28f22e8b96e1ab97ce403110664 -> 
  custom:video-codec-MediaFoundation-h265: 746d11721c4dcdbdad8f713fa42b33f4 -> 
  custom:video-decoder-webm-vp8: 9c59270c3fd7afecdb556c50c9e8de78 -> 
  custom:audio-decoder-ogg-vorbis: bf7c407c2cedff20999df2af8eb42d56 -> 
  custom:audio-encoder-webm-vorbis: bf7c407c2cedff20999df2af8eb42d56 -> 
========================================================================
Received Import Request.
  Time since last request: 3445.788487 seconds.
  path: Assets/Sound/Clock.wav
  artifactKey: Guid(bd48fbe7fb144d3438715832e6ccc2f8) Importer(815301076,1909f56bfc062723c751e8b465ee728b)
Start importing Assets/Sound/Clock.wav using Guid(bd48fbe7fb144d3438715832e6ccc2f8) Importer(815301076,1909f56bfc062723c751e8b465ee728b)  -> (artifact id: '16fc8e896f0e4b93a794040cb98a171e') in 0.705218 seconds 
  Import took 0.730593 seconds .

========================================================================
Received Import Request.
  Time since last request: 0.000918 seconds.
  path: Assets/Sound/Whisper.mp3
  artifactKey: Guid(b962a793af0cbed41ae7fd25aa4c8faf) Importer(815301076,1909f56bfc062723c751e8b465ee728b)
Start importing Assets/Sound/Whisper.mp3 using Guid(b962a793af0cbed41ae7fd25aa4c8faf) Importer(815301076,1909f56bfc062723c751e8b465ee728b)  -> (artifact id: 'dd7955cd6621929aff08aaac6cadcce0') in 0.207488 seconds 
  Import took 0.217593 seconds .

========================================================================
Received Import Request.
  Time since last request: 0.004817 seconds.
  path: Assets/Sound/Hammer Sound.mp3
  artifactKey: Guid(8e390d17042baab4f89ca9e1fe256fef) Importer(815301076,1909f56bfc062723c751e8b465ee728b)
Start importing Assets/Sound/Hammer Sound.mp3 using Guid(8e390d17042baab4f89ca9e1fe256fef) Importer(815301076,1909f56bfc062723c751e8b465ee728b)  -> (artifact id: '246f7ddb8cbc3bda790812a4a3bf716f') in 0.182350 seconds 
  Import took 0.201081 seconds .

========================================================================
Received Prepare
Registering precompiled user dll's ...
Registered in 0.006603 seconds.
Begin MonoManager ReloadAssembly
Native extension for WindowsStandalone target not found
Native extension for OSXStandalone target not found
Refreshing native plugins compatible for Editor in 0.88 ms, found 2 plugins.
Preloading 0 native plugins for Editor in 0.00 ms.
Mono: successfully reloaded assembly
- Completed reload, in  1.286 seconds
Domain Reload Profiling:
	ReloadAssembly (1287ms)
		BeginReloadAssembly (179ms)
			ExecutionOrderSort (0ms)
			DisableScriptedObjects (4ms)
			BackupInstance (0ms)
			ReleaseScriptingObjects (0ms)
			CreateAndSetChildDomain (38ms)
		EndReloadAssembly (1036ms)
			LoadAssemblies (152ms)
			RebuildTransferFunctionScriptingTraits (0ms)
			SetupTypeCache (329ms)
			ReleaseScriptCaches (2ms)
			RebuildScriptCaches (43ms)
			SetupLoadedEditorAssemblies (333ms)
				LogAssemblyErrors (0ms)
				InitializePlatformSupportModulesInManaged (5ms)
				SetLoadedEditorAssemblies (1ms)
				RefreshPlugins (1ms)
				BeforeProcessingInitializeOnLoad (103ms)
				ProcessInitializeOnLoadAttributes (208ms)
				ProcessInitializeOnLoadMethodAttributes (9ms)
				AfterProcessingInitializeOnLoad (7ms)
				EditorAssembliesLoaded (0ms)
			ExecutionOrderSort2 (0ms)
			AwakeInstancesAfterBackupRestoration (14ms)
Platform modules already initialized, skipping
Refreshing native plugins compatible for Editor in 0.81 ms, found 2 plugins.
Preloading 0 native plugins for Editor in 0.00 ms.
Unloading 3166 Unused Serialized files (Serialized files now loaded: 0)
System memory in use before: 147.6 MB.
System memory in use after: 147.9 MB.

Unloading 15 unused Assets to reduce memory usage. Loaded Objects now: 3874.
Total: 4.006700 ms (FindLiveObjects: 0.383900 ms CreateObjectMapping: 0.145300 ms MarkObjects: 3.450300 ms  DeleteObjects: 0.025300 ms)

AssetImportParameters requested are different than current active one (requested -> active):
  custom:framework-win-MediaFoundation: 216162199b28c13a410421893ffa2e32 -> 
  custom:video-decoder-ogg-theora: a1e56fd34408186e4bbccfd4996cb3dc -> 
  custom:container-muxer-webm: aa71ff27fc2769a1b78a27578f13a17b -> 
  custom:container-demuxer-webm: 4f35f7cbe854078d1ac9338744f61a02 -> 
  custom:container-demuxer-ogg: 62fdf1f143b41e24485cea50d1cbac27 -> 
  custom:video-encoder-webm-vp8: eb34c28f22e8b96e1ab97ce403110664 -> 
  custom:video-codec-MediaFoundation-h265: 746d11721c4dcdbdad8f713fa42b33f4 -> 
  custom:video-decoder-webm-vp8: 9c59270c3fd7afecdb556c50c9e8de78 -> 
  custom:audio-decoder-ogg-vorbis: bf7c407c2cedff20999df2af8eb42d56 -> 
  custom:audio-encoder-webm-vorbis: bf7c407c2cedff20999df2af8eb42d56 -> 
========================================================================
Received Prepare
Registering precompiled user dll's ...
Registered in 0.008487 seconds.
Begin MonoManager ReloadAssembly
Native extension for WindowsStandalone target not found
Native extension for OSXStandalone target not found
Refreshing native plugins compatible for Editor in 1.00 ms, found 2 plugins.
Preloading 0 native plugins for Editor in 0.00 ms.
Mono: successfully reloaded assembly
- Completed reload, in  2.107 seconds
Domain Reload Profiling:
	ReloadAssembly (2108ms)
		BeginReloadAssembly (311ms)
			ExecutionOrderSort (0ms)
			DisableScriptedObjects (6ms)
			BackupInstance (0ms)
			ReleaseScriptingObjects (0ms)
			CreateAndSetChildDomain (42ms)
		EndReloadAssembly (1665ms)
			LoadAssemblies (289ms)
			RebuildTransferFunctionScriptingTraits (0ms)
			SetupTypeCache (664ms)
			ReleaseScriptCaches (2ms)
			RebuildScriptCaches (59ms)
			SetupLoadedEditorAssemblies (593ms)
				LogAssemblyErrors (0ms)
				InitializePlatformSupportModulesInManaged (6ms)
				SetLoadedEditorAssemblies (1ms)
				RefreshPlugins (1ms)
				BeforeProcessingInitializeOnLoad (170ms)
				ProcessInitializeOnLoadAttributes (396ms)
				ProcessInitializeOnLoadMethodAttributes (11ms)
				AfterProcessingInitializeOnLoad (7ms)
				EditorAssembliesLoaded (0ms)
			ExecutionOrderSort2 (0ms)
			AwakeInstancesAfterBackupRestoration (18ms)
Platform modules already initialized, skipping
Refreshing native plugins compatible for Editor in 1.56 ms, found 2 plugins.
Preloading 0 native plugins for Editor in 0.00 ms.
Unloading 3166 Unused Serialized files (Serialized files now loaded: 0)
System memory in use before: 147.6 MB.
System memory in use after: 147.9 MB.

Unloading 15 unused Assets to reduce memory usage. Loaded Objects now: 3876.
Total: 13.122000 ms (FindLiveObjects: 2.344400 ms CreateObjectMapping: 1.361100 ms MarkObjects: 9.364300 ms  DeleteObjects: 0.049000 ms)

AssetImportParameters requested are different than current active one (requested -> active):
  custom:framework-win-MediaFoundation: 216162199b28c13a410421893ffa2e32 -> 
  custom:video-decoder-ogg-theora: a1e56fd34408186e4bbccfd4996cb3dc -> 
  custom:container-muxer-webm: aa71ff27fc2769a1b78a27578f13a17b -> 
  custom:container-demuxer-webm: 4f35f7cbe854078d1ac9338744f61a02 -> 
  custom:container-demuxer-ogg: 62fdf1f143b41e24485cea50d1cbac27 -> 
  custom:video-encoder-webm-vp8: eb34c28f22e8b96e1ab97ce403110664 -> 
  custom:video-codec-MediaFoundation-h265: 746d11721c4dcdbdad8f713fa42b33f4 -> 
  custom:video-decoder-webm-vp8: 9c59270c3fd7afecdb556c50c9e8de78 -> 
  custom:audio-decoder-ogg-vorbis: bf7c407c2cedff20999df2af8eb42d56 -> 
  custom:audio-encoder-webm-vorbis: bf7c407c2cedff20999df2af8eb42d56 -> 
========================================================================
Received Prepare
Registering precompiled user dll's ...
Registered in 0.027644 seconds.
Begin MonoManager ReloadAssembly
Native extension for WindowsStandalone target not found
Native extension for OSXStandalone target not found
Refreshing native plugins compatible for Editor in 1.40 ms, found 2 plugins.
Preloading 0 native plugins for Editor in 0.00 ms.
Mono: successfully reloaded assembly
- Completed reload, in  4.051 seconds
Domain Reload Profiling:
	ReloadAssembly (4052ms)
		BeginReloadAssembly (440ms)
			ExecutionOrderSort (0ms)
			DisableScriptedObjects (9ms)
			BackupInstance (0ms)
			ReleaseScriptingObjects (0ms)
			CreateAndSetChildDomain (100ms)
		EndReloadAssembly (3491ms)
			LoadAssemblies (410ms)
			RebuildTransferFunctionScriptingTraits (0ms)
			SetupTypeCache (1301ms)
			ReleaseScriptCaches (4ms)
			RebuildScriptCaches (151ms)
			SetupLoadedEditorAssemblies (1009ms)
				LogAssemblyErrors (0ms)
				InitializePlatformSupportModulesInManaged (8ms)
				SetLoadedEditorAssemblies (1ms)
				RefreshPlugins (2ms)
				BeforeProcessingInitializeOnLoad (296ms)
				ProcessInitializeOnLoadAttributes (669ms)
				ProcessInitializeOnLoadMethodAttributes (20ms)
				AfterProcessingInitializeOnLoad (14ms)
				EditorAssembliesLoaded (1ms)
			ExecutionOrderSort2 (0ms)
			AwakeInstancesAfterBackupRestoration (38ms)
Platform modules already initialized, skipping
Refreshing native plugins compatible for Editor in 1.83 ms, found 2 plugins.
Preloading 0 native plugins for Editor in 0.00 ms.
Unloading 3166 Unused Serialized files (Serialized files now loaded: 0)
System memory in use before: 147.7 MB.
System memory in use after: 147.9 MB.

Unloading 15 unused Assets to reduce memory usage. Loaded Objects now: 3878.
Total: 77.822100 ms (FindLiveObjects: 1.669900 ms CreateObjectMapping: 0.470800 ms MarkObjects: 75.636900 ms  DeleteObjects: 0.040700 ms)

AssetImportParameters requested are different than current active one (requested -> active):
  custom:framework-win-MediaFoundation: 216162199b28c13a410421893ffa2e32 -> 
  custom:video-decoder-ogg-theora: a1e56fd34408186e4bbccfd4996cb3dc -> 
  custom:container-muxer-webm: aa71ff27fc2769a1b78a27578f13a17b -> 
  custom:container-demuxer-webm: 4f35f7cbe854078d1ac9338744f61a02 -> 
  custom:container-demuxer-ogg: 62fdf1f143b41e24485cea50d1cbac27 -> 
  custom:video-encoder-webm-vp8: eb34c28f22e8b96e1ab97ce403110664 -> 
  custom:video-codec-MediaFoundation-h265: 746d11721c4dcdbdad8f713fa42b33f4 -> 
  custom:video-decoder-webm-vp8: 9c59270c3fd7afecdb556c50c9e8de78 -> 
  custom:audio-decoder-ogg-vorbis: bf7c407c2cedff20999df2af8eb42d56 -> 
  custom:audio-encoder-webm-vorbis: bf7c407c2cedff20999df2af8eb42d56 -> 
