Using pre-set license
Built from '2020.3/staging' branch; Version is '2020.3.26f1 (7298b473bc1a) revision 7510196'; Using compiler version '192528614'; Build Type 'Release'
OS: 'Windows 10  (10.0.19042) 64bit CoreCountrySpecific' Language: 'zh' Physical Memory: 15742 MB
BatchMode: 1, IsHumanControllingUs: 0, StartBugReporterOnCrash: 0, Is64bit: 1, IsPro: 0

COMMAND LINE ARGUMENTS:
D:\Unity\2020.3.26f1\Editor\Unity.exe
-adb2
-batchMode
-noUpm
-name
AssetImportWorker0
-projectPath
D:/文档/学习用/Alternate Realities/Project1_Kid-Court/Kid Court
-logFile
Logs/AssetImportWorker0.log
-srvPort
52592
Successfully changed project path to: D:/文档/学习用/Alternate Realities/Project1_Kid-Court/Kid Court
D:/文档/学习用/Alternate Realities/Project1_Kid-Court/Kid Court
Using Asset Import Pipeline V2.
Refreshing native plugins compatible for Editor in 63.49 ms, found 2 plugins.
Preloading 0 native plugins for Editor in 0.00 ms.
Initialize engine version: 2020.3.26f1 (7298b473bc1a)
[Subsystems] Discovering subsystems at path D:/Unity/2020.3.26f1/Editor/Data/Resources/UnitySubsystems
[Subsystems] Discovering subsystems at path D:/文档/学习用/Alternate Realities/Project1_Kid-Court/Kid Court/Assets
GfxDevice: creating device client; threaded=0
Direct3D:
    Version:  Direct3D 11.0 [level 11.1]
    Renderer: NVIDIA GeForce RTX 2060 with Max-Q Design (ID=0x1f12)
    Vendor:   
    VRAM:     5980 MB
    Driver:   30.0.14.7219
Initialize mono
Mono path[0] = 'D:/Unity/2020.3.26f1/Editor/Data/Managed'
Mono path[1] = 'D:/Unity/2020.3.26f1/Editor/Data/MonoBleedingEdge/lib/mono/unityjit'
Mono config path = 'D:/Unity/2020.3.26f1/Editor/Data/MonoBleedingEdge/etc'
Using monoOptions --debugger-agent=transport=dt_socket,embedding=1,server=y,suspend=n,address=127.0.0.1:56280
Begin MonoManager ReloadAssembly
Registering precompiled unity dll's ...
Register platform support module: D:/Unity/2020.3.26f1/Editor/Data/PlaybackEngines/MacStandaloneSupport/UnityEditor.OSXStandalone.Extensions.dll
Register platform support module: D:/Unity/2020.3.26f1/Editor/Data/PlaybackEngines/WindowsStandaloneSupport/UnityEditor.WindowsStandalone.Extensions.dll
Registered in 0.002903 seconds.
Native extension for WindowsStandalone target not found
Native extension for OSXStandalone target not found
Refreshing native plugins compatible for Editor in 81.28 ms, found 2 plugins.
Preloading 0 native plugins for Editor in 0.00 ms.
Mono: successfully reloaded assembly
- Completed reload, in  0.790 seconds
Domain Reload Profiling:
	ReloadAssembly (790ms)
		BeginReloadAssembly (113ms)
			ExecutionOrderSort (0ms)
			DisableScriptedObjects (0ms)
			BackupInstance (0ms)
			ReleaseScriptingObjects (0ms)
			CreateAndSetChildDomain (1ms)
		EndReloadAssembly (593ms)
			LoadAssemblies (111ms)
			RebuildTransferFunctionScriptingTraits (0ms)
			SetupTypeCache (174ms)
			ReleaseScriptCaches (0ms)
			RebuildScriptCaches (44ms)
			SetupLoadedEditorAssemblies (234ms)
				LogAssemblyErrors (0ms)
				InitializePlatformSupportModulesInManaged (8ms)
				SetLoadedEditorAssemblies (0ms)
				RefreshPlugins (81ms)
				BeforeProcessingInitializeOnLoad (20ms)
				ProcessInitializeOnLoadAttributes (86ms)
				ProcessInitializeOnLoadMethodAttributes (37ms)
				AfterProcessingInitializeOnLoad (0ms)
				EditorAssembliesLoaded (0ms)
			ExecutionOrderSort2 (0ms)
			AwakeInstancesAfterBackupRestoration (0ms)
Platform modules already initialized, skipping
Registering precompiled user dll's ...
Registered in 0.010217 seconds.
Begin MonoManager ReloadAssembly
Native extension for WindowsStandalone target not found
Native extension for OSXStandalone target not found
Refreshing native plugins compatible for Editor in 65.81 ms, found 2 plugins.
Preloading 0 native plugins for Editor in 0.00 ms.
Mono: successfully reloaded assembly
- Completed reload, in  1.283 seconds
Domain Reload Profiling:
	ReloadAssembly (1284ms)
		BeginReloadAssembly (187ms)
			ExecutionOrderSort (0ms)
			DisableScriptedObjects (4ms)
			BackupInstance (0ms)
			ReleaseScriptingObjects (0ms)
			CreateAndSetChildDomain (19ms)
		EndReloadAssembly (1026ms)
			LoadAssemblies (143ms)
			RebuildTransferFunctionScriptingTraits (0ms)
			SetupTypeCache (333ms)
			ReleaseScriptCaches (1ms)
			RebuildScriptCaches (57ms)
			SetupLoadedEditorAssemblies (414ms)
				LogAssemblyErrors (0ms)
				InitializePlatformSupportModulesInManaged (4ms)
				SetLoadedEditorAssemblies (0ms)
				RefreshPlugins (66ms)
				BeforeProcessingInitializeOnLoad (110ms)
				ProcessInitializeOnLoadAttributes (215ms)
				ProcessInitializeOnLoadMethodAttributes (11ms)
				AfterProcessingInitializeOnLoad (7ms)
				EditorAssembliesLoaded (0ms)
			ExecutionOrderSort2 (0ms)
			AwakeInstancesAfterBackupRestoration (7ms)
Platform modules already initialized, skipping
========================================================================
Worker process is ready to serve import requests
Launched and connected shader compiler UnityShaderCompiler.exe after 0.11 seconds
Refreshing native plugins compatible for Editor in 1.32 ms, found 2 plugins.
Preloading 0 native plugins for Editor in 0.00 ms.
Unloading 3225 Unused Serialized files (Serialized files now loaded: 0)
System memory in use before: 143.7 MB.
System memory in use after: 143.8 MB.

Unloading 21 unused Assets to reduce memory usage. Loaded Objects now: 3658.
Total: 3.833500 ms (FindLiveObjects: 0.287500 ms CreateObjectMapping: 0.140500 ms MarkObjects: 3.267500 ms  DeleteObjects: 0.136400 ms)

AssetImportParameters requested are different than current active one (requested -> active):
  custom:framework-win-MediaFoundation: 216162199b28c13a410421893ffa2e32 -> 
  custom:video-decoder-ogg-theora: a1e56fd34408186e4bbccfd4996cb3dc -> 
  custom:container-muxer-webm: aa71ff27fc2769a1b78a27578f13a17b -> 
  custom:container-demuxer-webm: 4f35f7cbe854078d1ac9338744f61a02 -> 
  custom:container-demuxer-ogg: 62fdf1f143b41e24485cea50d1cbac27 -> 
  custom:video-encoder-webm-vp8: eb34c28f22e8b96e1ab97ce403110664 -> 
  custom:video-codec-MediaFoundation-h265: 746d11721c4dcdbdad8f713fa42b33f4 -> 
  custom:video-decoder-webm-vp8: 9c59270c3fd7afecdb556c50c9e8de78 -> 
  custom:audio-decoder-ogg-vorbis: bf7c407c2cedff20999df2af8eb42d56 -> 
  custom:audio-encoder-webm-vorbis: bf7c407c2cedff20999df2af8eb42d56 -> 
========================================================================
Received Import Request.
  path: Assets/Samples/Polybrush/1.0.2/Shader Examples (Universal RP)
  artifactKey: Guid(967938f200c48784682b5d29ed73b6f9) Importer(815301076,1909f56bfc062723c751e8b465ee728b)
Start importing Assets/Samples/Polybrush/1.0.2/Shader Examples (Universal RP) using Guid(967938f200c48784682b5d29ed73b6f9) Importer(815301076,1909f56bfc062723c751e8b465ee728b)  -> (artifact id: '951f57129f7913edce8adc498d4467bd') in 0.008803 seconds 
  Import took 0.014865 seconds .

========================================================================
Received Import Request.
  Time since last request: 25.265437 seconds.
  path: Assets/Settings
  artifactKey: Guid(3f2979e53e3b0984d9ec0e75770e6b17) Importer(815301076,1909f56bfc062723c751e8b465ee728b)
Start importing Assets/Settings using Guid(3f2979e53e3b0984d9ec0e75770e6b17) Importer(815301076,1909f56bfc062723c751e8b465ee728b)  -> (artifact id: '09d36529b97a1425a304c74084c1f798') in 0.003965 seconds 
  Import took 0.009267 seconds .

========================================================================
Received Import Request.
  Time since last request: 15.310628 seconds.
  path: Assets/Settings/UniversalRenderPipelineAsset.asset
  artifactKey: Guid(25585c8418c9df84aa9c679ad1d37726) Importer(815301076,1909f56bfc062723c751e8b465ee728b)
Start importing Assets/Settings/UniversalRenderPipelineAsset.asset using Guid(25585c8418c9df84aa9c679ad1d37726) Importer(815301076,1909f56bfc062723c751e8b465ee728b)  -> (artifact id: '7d1bcdc4e92e3b1deaeb1229c6066da1') in 0.075301 seconds 
  Import took 0.081152 seconds .

========================================================================
Received Import Request.
  Time since last request: 0.000590 seconds.
  path: Assets/Settings/UniversalRenderPipelineAsset_Renderer.asset
  artifactKey: Guid(31ef216489f695545ab6fb8074e44dc6) Importer(815301076,1909f56bfc062723c751e8b465ee728b)
Start importing Assets/Settings/UniversalRenderPipelineAsset_Renderer.asset using Guid(31ef216489f695545ab6fb8074e44dc6) Importer(815301076,1909f56bfc062723c751e8b465ee728b)  -> (artifact id: '051bc4a6c820274fa41b3c7671367bc0') in 0.028937 seconds 
  Import took 0.035027 seconds .

========================================================================
Received Import Request.
  Time since last request: 162.261648 seconds.
  path: Assets/Samples/Cookie.fbx
  artifactKey: Guid(d1c47ac1e5cdd3d418daa8d647e9b123) Importer(815301076,1909f56bfc062723c751e8b465ee728b)
Start importing Assets/Samples/Cookie.fbx using Guid(d1c47ac1e5cdd3d418daa8d647e9b123) Importer(815301076,1909f56bfc062723c751e8b465ee728b)  -> (artifact id: 'fe9ca60aecbd85d59ae1d5d39d0f0bc0') in 0.238326 seconds 
  Import took 0.244942 seconds .

========================================================================
Received Import Request.
  Time since last request: 0.000577 seconds.
  path: Assets/Samples/Lollipop.fbx
  artifactKey: Guid(6784b00c3d0a01d4ba66afdc1b9bb186) Importer(815301076,1909f56bfc062723c751e8b465ee728b)
Start importing Assets/Samples/Lollipop.fbx using Guid(6784b00c3d0a01d4ba66afdc1b9bb186) Importer(815301076,1909f56bfc062723c751e8b465ee728b)  -> (artifact id: '32bf72529f28f7e36d08627097fe8860') in 0.260156 seconds 
  Import took 0.265493 seconds .

========================================================================
Received Import Request.
  Time since last request: 0.000479 seconds.
  path: Assets/Samples/mufinki.fbx
  artifactKey: Guid(d43e2c22ceed48c4cba36c1295fa2760) Importer(815301076,1909f56bfc062723c751e8b465ee728b)
Start importing Assets/Samples/mufinki.fbx using Guid(d43e2c22ceed48c4cba36c1295fa2760) Importer(815301076,1909f56bfc062723c751e8b465ee728b)  -> (artifact id: '1af1cf6acc557ad7c9c15d65fcaf1411') in 0.506885 seconds 
  Import took 0.513070 seconds .

========================================================================
Received Import Request.
  Time since last request: 0.000384 seconds.
  path: Assets/Samples/Donut.fbx
  artifactKey: Guid(000c099d524610748acbe3cdf4d7edf4) Importer(815301076,1909f56bfc062723c751e8b465ee728b)
Start importing Assets/Samples/Donut.fbx using Guid(000c099d524610748acbe3cdf4d7edf4) Importer(815301076,1909f56bfc062723c751e8b465ee728b)  -> (artifact id: 'cdd238a8ec1d4615a2ef71215284b63c') in 0.059348 seconds 
  Import took 0.065672 seconds .

========================================================================
Received Import Request.
  Time since last request: 0.000368 seconds.
  path: Assets/Samples/Cupcake(FBX).fbx
  artifactKey: Guid(51fdbd8a3f9f04a43a50f38c3d563918) Importer(815301076,1909f56bfc062723c751e8b465ee728b)
Start importing Assets/Samples/Cupcake(FBX).fbx using Guid(51fdbd8a3f9f04a43a50f38c3d563918) Importer(815301076,1909f56bfc062723c751e8b465ee728b)  -> (artifact id: '128b8c64c7dd9275c7dfff734f18d7b1') in 0.133493 seconds 
  Import took 0.141611 seconds .

========================================================================
Received Import Request.
  Time since last request: 0.000502 seconds.
  path: Assets/Samples/GummyBear.fbx
  artifactKey: Guid(48cd5dd3cd3db424aa44aac2a49cdc50) Importer(815301076,1909f56bfc062723c751e8b465ee728b)
Start importing Assets/Samples/GummyBear.fbx using Guid(48cd5dd3cd3db424aa44aac2a49cdc50) Importer(815301076,1909f56bfc062723c751e8b465ee728b)  -> (artifact id: '4dca6915b6f5c34685cef9754813a413') in 0.054237 seconds 
  Import took 0.060546 seconds .

========================================================================
Received Import Request.
  Time since last request: 0.000371 seconds.
  path: Assets/Samples/Gerobak Bakso.fbx
  artifactKey: Guid(48b2d6f3ba03bd64fa2bfca18dd597f8) Importer(815301076,1909f56bfc062723c751e8b465ee728b)
Start importing Assets/Samples/Gerobak Bakso.fbx using Guid(48b2d6f3ba03bd64fa2bfca18dd597f8) Importer(815301076,1909f56bfc062723c751e8b465ee728b)  -> (artifact id: '38c244f6df5d48589e94152a1ae04a2d') in 0.764902 seconds 
  Import took 0.773309 seconds .

========================================================================
Received Import Request.
  Time since last request: 0.000390 seconds.
  path: Assets/Samples/Licorice.fbx
  artifactKey: Guid(01e5d35a7fcd6b14785c11ed2ce72d64) Importer(815301076,1909f56bfc062723c751e8b465ee728b)
Start importing Assets/Samples/Licorice.fbx using Guid(01e5d35a7fcd6b14785c11ed2ce72d64) Importer(815301076,1909f56bfc062723c751e8b465ee728b)  -> (artifact id: 'e04781b600202c4e75d19d4fc3d125e5') in 0.033824 seconds 
  Import took 0.038972 seconds .

========================================================================
Received Import Request.
  Time since last request: 0.000497 seconds.
  path: Assets/Samples/Chocolat_bar.obj
  artifactKey: Guid(8fc8e58ab6c1aca47ba97c3c80aaf146) Importer(815301076,1909f56bfc062723c751e8b465ee728b)
Start importing Assets/Samples/Chocolat_bar.obj using Guid(8fc8e58ab6c1aca47ba97c3c80aaf146) Importer(815301076,1909f56bfc062723c751e8b465ee728b)  -> (artifact id: '8db5905faa8d571150e18f97b08d3f8e') in 0.051188 seconds 
  Import took 0.056264 seconds .

========================================================================
Received Import Request.
  Time since last request: 0.000406 seconds.
  path: Assets/Samples/practice_7.obj
  artifactKey: Guid(0fae538c71bb9bc4888ee07bce94b28b) Importer(815301076,1909f56bfc062723c751e8b465ee728b)
Start importing Assets/Samples/practice_7.obj using Guid(0fae538c71bb9bc4888ee07bce94b28b) Importer(815301076,1909f56bfc062723c751e8b465ee728b)  -> (artifact id: 'de17bfb03b6771ede229717c9c22b578') in 0.041721 seconds 
  Import took 0.047102 seconds .

========================================================================
Received Import Request.
  Time since last request: 0.000553 seconds.
  path: Assets/Samples/HalloweenCandy.obj
  artifactKey: Guid(249602471134e1844b1fc73d2a595386) Importer(815301076,1909f56bfc062723c751e8b465ee728b)
Start importing Assets/Samples/HalloweenCandy.obj using Guid(249602471134e1844b1fc73d2a595386) Importer(815301076,1909f56bfc062723c751e8b465ee728b)  -> (artifact id: 'eb5767d059f4e4c18545d94b9cf38424') in 0.054562 seconds 
  Import took 0.059831 seconds .

========================================================================
Received Import Request.
  Time since last request: 3.012735 seconds.
  path: Assets/Samples/Polybrush
  artifactKey: Guid(6bf792f7412e05d4398fa1eadf1c15b0) Importer(815301076,1909f56bfc062723c751e8b465ee728b)
Start importing Assets/Samples/Polybrush using Guid(6bf792f7412e05d4398fa1eadf1c15b0) Importer(815301076,1909f56bfc062723c751e8b465ee728b)  -> (artifact id: '14aeb0de63c476ac6045045320e804e4') in 0.005415 seconds 
  Import took 0.012601 seconds .

========================================================================
Received Import Request.
  Time since last request: 5829.256261 seconds.
  path: Assets/Samples/ProBuilder
  artifactKey: Guid(83b1a8d85d494d041a4f6e7521c5956c) Importer(815301076,1909f56bfc062723c751e8b465ee728b)
Start importing Assets/Samples/ProBuilder using Guid(83b1a8d85d494d041a4f6e7521c5956c) Importer(815301076,1909f56bfc062723c751e8b465ee728b)  -> (artifact id: '4ecbf081bea612f95265538bc0571d35') in 0.005052 seconds 
  Import took 0.012533 seconds .

========================================================================
Received Import Request.
  Time since last request: 34.271180 seconds.
  path: Assets/Samples/Food
  artifactKey: Guid(5c60c4e12f358ab4ba837d60e2179836) Importer(815301076,1909f56bfc062723c751e8b465ee728b)
Start importing Assets/Samples/Food using Guid(5c60c4e12f358ab4ba837d60e2179836) Importer(815301076,1909f56bfc062723c751e8b465ee728b)  -> (artifact id: 'b878f6ae590f5cd8be4165d09c4de035') in 0.005993 seconds 
  Import took 0.012394 seconds .

========================================================================
Received Import Request.
  Time since last request: 142.218845 seconds.
  path: Assets/Materials/Choco.mat
  artifactKey: Guid(59537c3f0aa0f8340ae054c7aaf1e619) Importer(815301076,1909f56bfc062723c751e8b465ee728b)
Start importing Assets/Materials/Choco.mat using Guid(59537c3f0aa0f8340ae054c7aaf1e619) Importer(815301076,1909f56bfc062723c751e8b465ee728b)  -> (artifact id: '122067a7e4cddd3bb41f7a1d1b367f91') in 0.028177 seconds 
  Import took 0.035010 seconds .

========================================================================
Received Import Request.
  Time since last request: 335.667399 seconds.
  path: Assets/Scenes/KidCourt.unity
  artifactKey: Guid(9fc0d4010bbf28b4594072e72b8655ab) Importer(815301076,1909f56bfc062723c751e8b465ee728b)
Start importing Assets/Scenes/KidCourt.unity using Guid(9fc0d4010bbf28b4594072e72b8655ab) Importer(815301076,1909f56bfc062723c751e8b465ee728b)  -> (artifact id: 'f31ff7cbc93539df64770bf6c882f566') in 0.006692 seconds 
  Import took 0.012765 seconds .

========================================================================
Received Import Request.
  Time since last request: 274.984591 seconds.
  path: Assets/Samples/Food/choco floor.json
  artifactKey: Guid(f7e5f35c90cea3843869884a6db78cfc) Importer(815301076,1909f56bfc062723c751e8b465ee728b)
Start importing Assets/Samples/Food/choco floor.json using Guid(f7e5f35c90cea3843869884a6db78cfc) Importer(815301076,1909f56bfc062723c751e8b465ee728b)  -> (artifact id: '26eeb5b44f4a55c25e12c7289d58736e') in 0.015881 seconds 
  Import took 0.022414 seconds .

========================================================================
Received Import Request.
  Time since last request: 156.112636 seconds.
  path: Assets/Materials
  artifactKey: Guid(98c4a7539e455404588c162ac9579b8e) Importer(815301076,1909f56bfc062723c751e8b465ee728b)
Start importing Assets/Materials using Guid(98c4a7539e455404588c162ac9579b8e) Importer(815301076,1909f56bfc062723c751e8b465ee728b)  -> (artifact id: 'd4f47079b0f6cf70364eeb784c31d5c7') in 0.004888 seconds 
  Import took 0.010383 seconds .

========================================================================
Received Import Request.
  Time since last request: 18.026093 seconds.
  path: Assets/Materials/BuildingBlock.mat
  artifactKey: Guid(40097e092d214fc49911a322f7593299) Importer(815301076,1909f56bfc062723c751e8b465ee728b)
Start importing Assets/Materials/BuildingBlock.mat using Guid(40097e092d214fc49911a322f7593299) Importer(815301076,1909f56bfc062723c751e8b465ee728b)  -> (artifact id: '953d6791d5267df8c1a7bfd20bcd066c') in 0.016397 seconds 
  Import took 0.023069 seconds .

========================================================================
Received Import Request.
  Time since last request: 117.808589 seconds.
  path: Assets/Materials/New Material.mat
  artifactKey: Guid(9ed6d209aab01a44bb4ab96319e1ba03) Importer(815301076,1909f56bfc062723c751e8b465ee728b)
Start importing Assets/Materials/New Material.mat using Guid(9ed6d209aab01a44bb4ab96319e1ba03) Importer(815301076,1909f56bfc062723c751e8b465ee728b)  -> (artifact id: '91e6f0c7c4c62eb234a42f88e343ffc1') in 0.021099 seconds 
  Import took 0.028594 seconds .

========================================================================
Received Prepare
Switching render pipeline 00000000000000000000000000000000 -> 25585c8418c9df84aa9c679ad1d37726
Refreshing native plugins compatible for Editor in 10.07 ms, found 2 plugins.
Preloading 0 native plugins for Editor in 0.00 ms.
Unloading 62 Unused Serialized files (Serialized files now loaded: 0)
System memory in use before: 83.0 MB.
System memory in use after: 83.2 MB.

Unloading 15 unused Assets to reduce memory usage. Loaded Objects now: 3749.
Total: 28.068400 ms (FindLiveObjects: 0.309300 ms CreateObjectMapping: 0.084200 ms MarkObjects: 27.407100 ms  DeleteObjects: 0.266400 ms)

AssetImportParameters requested are different than current active one (requested -> active):
  custom:framework-win-MediaFoundation: 216162199b28c13a410421893ffa2e32 -> 
  custom:video-decoder-ogg-theora: a1e56fd34408186e4bbccfd4996cb3dc -> 
  custom:container-muxer-webm: aa71ff27fc2769a1b78a27578f13a17b -> 
  custom:container-demuxer-webm: 4f35f7cbe854078d1ac9338744f61a02 -> 
  custom:container-demuxer-ogg: 62fdf1f143b41e24485cea50d1cbac27 -> 
  custom:video-encoder-webm-vp8: eb34c28f22e8b96e1ab97ce403110664 -> 
  custom:video-codec-MediaFoundation-h265: 746d11721c4dcdbdad8f713fa42b33f4 -> 
  custom:video-decoder-webm-vp8: 9c59270c3fd7afecdb556c50c9e8de78 -> 
  custom:audio-decoder-ogg-vorbis: bf7c407c2cedff20999df2af8eb42d56 -> 
  custom:audio-encoder-webm-vorbis: bf7c407c2cedff20999df2af8eb42d56 -> 
========================================================================
Received Import Request.
  Time since last request: 2216.737904 seconds.
  path: Assets/Materials/BuildingBlock.mat
  artifactKey: Guid(40097e092d214fc49911a322f7593299) Importer(815301076,1909f56bfc062723c751e8b465ee728b)
Start importing Assets/Materials/BuildingBlock.mat using Guid(40097e092d214fc49911a322f7593299) Importer(815301076,1909f56bfc062723c751e8b465ee728b)  -> (artifact id: '0bbd001f2e1f866bb15f0cea3ba1911f') in 0.244133 seconds 
  Import took 0.250557 seconds .

========================================================================
Received Import Request.
  Time since last request: 0.000608 seconds.
  path: Assets/Materials/Pudding.mat
  artifactKey: Guid(df8431652cae3ac4daa9bfd4db22baa8) Importer(815301076,1909f56bfc062723c751e8b465ee728b)
Start importing Assets/Materials/Pudding.mat using Guid(df8431652cae3ac4daa9bfd4db22baa8) Importer(815301076,1909f56bfc062723c751e8b465ee728b)  -> (artifact id: 'a4ac0ae9a04bb98544813590545e75a5') in 0.019013 seconds 
  Import took 0.025316 seconds .

========================================================================
Received Import Request.
  Time since last request: 0.000407 seconds.
  path: Assets/Materials/Choco.mat
  artifactKey: Guid(59537c3f0aa0f8340ae054c7aaf1e619) Importer(815301076,1909f56bfc062723c751e8b465ee728b)
Start importing Assets/Materials/Choco.mat using Guid(59537c3f0aa0f8340ae054c7aaf1e619) Importer(815301076,1909f56bfc062723c751e8b465ee728b)  -> (artifact id: '66de6f3105bf7d69563a6fd3dd246863') in 0.013831 seconds 
  Import took 0.019581 seconds .

========================================================================
Received Import Request.
  Time since last request: 0.000555 seconds.
  path: Assets/Materials/New Material.mat
  artifactKey: Guid(9ed6d209aab01a44bb4ab96319e1ba03) Importer(815301076,1909f56bfc062723c751e8b465ee728b)
Start importing Assets/Materials/New Material.mat using Guid(9ed6d209aab01a44bb4ab96319e1ba03) Importer(815301076,1909f56bfc062723c751e8b465ee728b)  -> (artifact id: 'c29fb09976834c5525e2ac4c041f8791') in 0.012377 seconds 
  Import took 0.018037 seconds .

========================================================================
Received Import Request.
  Time since last request: 1177.819347 seconds.
  path: Assets/Samples/Food/Chocolat_bar.obj
  artifactKey: Guid(8fc8e58ab6c1aca47ba97c3c80aaf146) Importer(815301076,1909f56bfc062723c751e8b465ee728b)
Start importing Assets/Samples/Food/Chocolat_bar.obj using Guid(8fc8e58ab6c1aca47ba97c3c80aaf146) Importer(815301076,1909f56bfc062723c751e8b465ee728b)  -> (artifact id: '10191ce19f68b0c48f87bf1c1d616557') in 0.053316 seconds 
  Import took 0.059895 seconds .

========================================================================
Received Import Request.
  Time since last request: 0.000385 seconds.
  path: Assets/Samples/Food/Donut.fbx
  artifactKey: Guid(000c099d524610748acbe3cdf4d7edf4) Importer(815301076,1909f56bfc062723c751e8b465ee728b)
Start importing Assets/Samples/Food/Donut.fbx using Guid(000c099d524610748acbe3cdf4d7edf4) Importer(815301076,1909f56bfc062723c751e8b465ee728b)  -> (artifact id: '62eceab13661ffdd2c70d2193e2de23e') in 0.093325 seconds 
  Import took 0.098925 seconds .

========================================================================
Received Import Request.
  Time since last request: 0.000584 seconds.
  path: Assets/Samples/Food/Cupcake(FBX).fbx
  artifactKey: Guid(51fdbd8a3f9f04a43a50f38c3d563918) Importer(815301076,1909f56bfc062723c751e8b465ee728b)
Start importing Assets/Samples/Food/Cupcake(FBX).fbx using Guid(51fdbd8a3f9f04a43a50f38c3d563918) Importer(815301076,1909f56bfc062723c751e8b465ee728b)  -> (artifact id: '3f628be82e73224ee746407199c753e7') in 0.179201 seconds 
  Import took 0.186244 seconds .

========================================================================
Received Import Request.
  Time since last request: 0.000449 seconds.
  path: Assets/Samples/Food/GummyBear.fbx
  artifactKey: Guid(48cd5dd3cd3db424aa44aac2a49cdc50) Importer(815301076,1909f56bfc062723c751e8b465ee728b)
Start importing Assets/Samples/Food/GummyBear.fbx using Guid(48cd5dd3cd3db424aa44aac2a49cdc50) Importer(815301076,1909f56bfc062723c751e8b465ee728b)  -> (artifact id: 'e69356d1974fdd463103205b85ac8b1e') in 0.063074 seconds 
  Import took 0.069403 seconds .

========================================================================
Received Import Request.
  Time since last request: 0.000566 seconds.
  path: Assets/Samples/Food/Gerobak Bakso.fbx
  artifactKey: Guid(48b2d6f3ba03bd64fa2bfca18dd597f8) Importer(815301076,1909f56bfc062723c751e8b465ee728b)
Start importing Assets/Samples/Food/Gerobak Bakso.fbx using Guid(48b2d6f3ba03bd64fa2bfca18dd597f8) Importer(815301076,1909f56bfc062723c751e8b465ee728b)  -> (artifact id: '226807ca97874ee25b5b379ca10d7dc7') in 1.124742 seconds 
  Import took 1.132295 seconds .

========================================================================
Received Import Request.
  Time since last request: 0.000468 seconds.
  path: Assets/Samples/Food/Licorice.fbx
  artifactKey: Guid(01e5d35a7fcd6b14785c11ed2ce72d64) Importer(815301076,1909f56bfc062723c751e8b465ee728b)
Start importing Assets/Samples/Food/Licorice.fbx using Guid(01e5d35a7fcd6b14785c11ed2ce72d64) Importer(815301076,1909f56bfc062723c751e8b465ee728b)  -> (artifact id: '9c82dde3c6b9963d0cced858038dd02b') in 0.058099 seconds 
  Import took 0.063941 seconds .

========================================================================
Received Import Request.
  Time since last request: 0.000555 seconds.
  path: Assets/Samples/Food/HalloweenCandy.obj
  artifactKey: Guid(249602471134e1844b1fc73d2a595386) Importer(815301076,1909f56bfc062723c751e8b465ee728b)
Start importing Assets/Samples/Food/HalloweenCandy.obj using Guid(249602471134e1844b1fc73d2a595386) Importer(815301076,1909f56bfc062723c751e8b465ee728b)  -> (artifact id: 'd2b9abff804825e3e6843ef67b5a0e2c') in 0.060234 seconds 
  Import took 0.066432 seconds .

========================================================================
Received Import Request.
  Time since last request: 0.000476 seconds.
  path: Assets/Samples/Food/Cookie.fbx
  artifactKey: Guid(d1c47ac1e5cdd3d418daa8d647e9b123) Importer(815301076,1909f56bfc062723c751e8b465ee728b)
Start importing Assets/Samples/Food/Cookie.fbx using Guid(d1c47ac1e5cdd3d418daa8d647e9b123) Importer(815301076,1909f56bfc062723c751e8b465ee728b)  -> (artifact id: 'ee5bbee078917b1829061b8acbc9ca16') in 0.054517 seconds 
  Import took 0.061217 seconds .

========================================================================
Received Import Request.
  Time since last request: 1.006531 seconds.
  path: Assets/Samples/Food/Lollipop.fbx
  artifactKey: Guid(6784b00c3d0a01d4ba66afdc1b9bb186) Importer(815301076,1909f56bfc062723c751e8b465ee728b)
Start importing Assets/Samples/Food/Lollipop.fbx using Guid(6784b00c3d0a01d4ba66afdc1b9bb186) Importer(815301076,1909f56bfc062723c751e8b465ee728b)  -> (artifact id: '364347fc49144e12ff2adff77274c2c3') in 0.037779 seconds 
  Import took 0.044190 seconds .

========================================================================
Received Import Request.
  Time since last request: 0.000925 seconds.
  path: Assets/Samples/Food/mufinki.fbx
  artifactKey: Guid(d43e2c22ceed48c4cba36c1295fa2760) Importer(815301076,1909f56bfc062723c751e8b465ee728b)
Start importing Assets/Samples/Food/mufinki.fbx using Guid(d43e2c22ceed48c4cba36c1295fa2760) Importer(815301076,1909f56bfc062723c751e8b465ee728b)  -> (artifact id: '58100c02665fc529e12b833815cf1680') in 0.456695 seconds 
  Import took 0.464525 seconds .

========================================================================
Received Import Request.
  Time since last request: 1.719388 seconds.
  path: Assets/Samples/Food/practice_7.obj
  artifactKey: Guid(0fae538c71bb9bc4888ee07bce94b28b) Importer(815301076,1909f56bfc062723c751e8b465ee728b)
Start importing Assets/Samples/Food/practice_7.obj using Guid(0fae538c71bb9bc4888ee07bce94b28b) Importer(815301076,1909f56bfc062723c751e8b465ee728b)  -> (artifact id: '710277519279cff27edb889a98cfc74e') in 0.028437 seconds 
  Import took 0.035003 seconds .

========================================================================
Received Import Request.
  Time since last request: 1255.550326 seconds.
  path: Assets/RawWoodenFurnitureFree/Models
  artifactKey: Guid(debd59bb92c6f0d4fae5e9caab816e69) Importer(815301076,1909f56bfc062723c751e8b465ee728b)
Start importing Assets/RawWoodenFurnitureFree/Models using Guid(debd59bb92c6f0d4fae5e9caab816e69) Importer(815301076,1909f56bfc062723c751e8b465ee728b)  -> (artifact id: '18fb31aa341ca089fb28c01ad0f745be') in 0.006098 seconds 
  Import took 0.012071 seconds .

========================================================================
Received Import Request.
  Time since last request: 0.913424 seconds.
  path: Assets/RawWoodenFurnitureFree/Models/BedSingle01empty.fbx
  artifactKey: Guid(ddbbcdccb4c9b5e4396203b293f11f00) Importer(815301076,1909f56bfc062723c751e8b465ee728b)
Start importing Assets/RawWoodenFurnitureFree/Models/BedSingle01empty.fbx using Guid(ddbbcdccb4c9b5e4396203b293f11f00) Importer(815301076,1909f56bfc062723c751e8b465ee728b)  -> (artifact id: '9a2ee718bde3c5778e6e40f7fa62dcda') in 0.024150 seconds 
  Import took 0.030554 seconds .

========================================================================
Received Import Request.
  Time since last request: 0.000387 seconds.
  path: Assets/RawWoodenFurnitureFree/Models/Table02.fbx
  artifactKey: Guid(2de980d7f46661440b1596ea7802274c) Importer(815301076,1909f56bfc062723c751e8b465ee728b)
Start importing Assets/RawWoodenFurnitureFree/Models/Table02.fbx using Guid(2de980d7f46661440b1596ea7802274c) Importer(815301076,1909f56bfc062723c751e8b465ee728b)  -> (artifact id: '1d8d7da764acf3023cf490bc118acc41') in 0.025499 seconds 
  Import took 0.030924 seconds .

========================================================================
Received Import Request.
  Time since last request: 0.000364 seconds.
  path: Assets/RawWoodenFurnitureFree/Models/Table01.fbx
  artifactKey: Guid(d63ad3cf858a7384cb2b9b9989e81080) Importer(815301076,1909f56bfc062723c751e8b465ee728b)
Start importing Assets/RawWoodenFurnitureFree/Models/Table01.fbx using Guid(d63ad3cf858a7384cb2b9b9989e81080) Importer(815301076,1909f56bfc062723c751e8b465ee728b)  -> (artifact id: '56f3c09fcf96c5950ea615f019e9f5d1') in 0.033076 seconds 
  Import took 0.038948 seconds .

========================================================================
Received Import Request.
  Time since last request: 0.000435 seconds.
  path: Assets/RawWoodenFurnitureFree/Models/Chair02.fbx
  artifactKey: Guid(0a2ece62a3195754bb82144abe3ea1bc) Importer(815301076,1909f56bfc062723c751e8b465ee728b)
Start importing Assets/RawWoodenFurnitureFree/Models/Chair02.fbx using Guid(0a2ece62a3195754bb82144abe3ea1bc) Importer(815301076,1909f56bfc062723c751e8b465ee728b)  -> (artifact id: '4a1bd03c1893f6617c8fd5ffcf1d0b3e') in 0.041026 seconds 
  Import took 0.047818 seconds .

========================================================================
Received Import Request.
  Time since last request: 0.000384 seconds.
  path: Assets/RawWoodenFurnitureFree/Models/Cabinet04.fbx
  artifactKey: Guid(86f5484b88f6e4b40b3111ccff232762) Importer(815301076,1909f56bfc062723c751e8b465ee728b)
Start importing Assets/RawWoodenFurnitureFree/Models/Cabinet04.fbx using Guid(86f5484b88f6e4b40b3111ccff232762) Importer(815301076,1909f56bfc062723c751e8b465ee728b)  -> (artifact id: '90c5d1c001974b524a32d276474768b6') in 0.040220 seconds 
  Import took 0.046762 seconds .

========================================================================
Received Import Request.
  Time since last request: 0.000456 seconds.
  path: Assets/RawWoodenFurnitureFree/Models/Stool01.fbx
  artifactKey: Guid(c75af295d2864694cb2f98c459c43c73) Importer(815301076,1909f56bfc062723c751e8b465ee728b)
Start importing Assets/RawWoodenFurnitureFree/Models/Stool01.fbx using Guid(c75af295d2864694cb2f98c459c43c73) Importer(815301076,1909f56bfc062723c751e8b465ee728b)  -> (artifact id: '50ca0151e1e4cfceb25ac68b5da1b20d') in 0.020863 seconds 
  Import took 0.027686 seconds .

========================================================================
Received Import Request.
  Time since last request: 2064.511403 seconds.
  path: Assets/RawWoodenFurnitureFree/Materials/BedsV1mat.mat
  artifactKey: Guid(c8c42662026a30544a7c3bb902859d48) Importer(815301076,1909f56bfc062723c751e8b465ee728b)
Start importing Assets/RawWoodenFurnitureFree/Materials/BedsV1mat.mat using Guid(c8c42662026a30544a7c3bb902859d48) Importer(815301076,1909f56bfc062723c751e8b465ee728b)  -> (artifact id: 'ef8c2cb4fd3238d4a5ca992d2d0757f5') in 0.032385 seconds 
  Import took 0.038561 seconds .

========================================================================
Received Import Request.
  Time since last request: 0.000579 seconds.
  path: Assets/RawWoodenFurnitureFree/Materials/Cabinets00matV1.mat
  artifactKey: Guid(d2baf2fc045db4b4997b9871933227f6) Importer(815301076,1909f56bfc062723c751e8b465ee728b)
Start importing Assets/RawWoodenFurnitureFree/Materials/Cabinets00matV1.mat using Guid(d2baf2fc045db4b4997b9871933227f6) Importer(815301076,1909f56bfc062723c751e8b465ee728b)  -> (artifact id: 'f525ababcbdc7f14e14d914e70b64202') in 0.049270 seconds 
  Import took 0.054964 seconds .

========================================================================
Received Import Request.
  Time since last request: 0.000362 seconds.
  path: Assets/RawWoodenFurnitureFree/Materials/Chair02matV2.mat
  artifactKey: Guid(7e61e129382abbd4a9cac0d7a454017f) Importer(815301076,1909f56bfc062723c751e8b465ee728b)
Start importing Assets/RawWoodenFurnitureFree/Materials/Chair02matV2.mat using Guid(7e61e129382abbd4a9cac0d7a454017f) Importer(815301076,1909f56bfc062723c751e8b465ee728b)  -> (artifact id: 'a1558bb4150db15610b67d2b37e55c91') in 0.034922 seconds 
  Import took 0.041225 seconds .

========================================================================
Received Import Request.
  Time since last request: 0.000963 seconds.
  path: Assets/RawWoodenFurnitureFree/Materials/Table01matV2.mat
  artifactKey: Guid(4d47e1a3163646541bbe77c7ce6d4899) Importer(815301076,1909f56bfc062723c751e8b465ee728b)
Start importing Assets/RawWoodenFurnitureFree/Materials/Table01matV2.mat using Guid(4d47e1a3163646541bbe77c7ce6d4899) Importer(815301076,1909f56bfc062723c751e8b465ee728b)  -> (artifact id: 'eac3058e0a62254996c2caa9903ddaae') in 0.016244 seconds 
  Import took 0.022892 seconds .

========================================================================
Received Import Request.
  Time since last request: 0.000430 seconds.
  path: Assets/RawWoodenFurnitureFree/Materials/Stool01matV1.mat
  artifactKey: Guid(29a7f572b87277e47a3903d896453dca) Importer(815301076,1909f56bfc062723c751e8b465ee728b)
Start importing Assets/RawWoodenFurnitureFree/Materials/Stool01matV1.mat using Guid(29a7f572b87277e47a3903d896453dca) Importer(815301076,1909f56bfc062723c751e8b465ee728b)  -> (artifact id: 'a9a43a70a7286a37f354c39bdabea57d') in 0.038859 seconds 
  Import took 0.045237 seconds .

========================================================================
Received Import Request.
  Time since last request: 0.000517 seconds.
  path: Assets/RawWoodenFurnitureFree/Materials/planeDemo.mat
  artifactKey: Guid(738e69b7d269e1d4ebb32227acf74f1b) Importer(815301076,1909f56bfc062723c751e8b465ee728b)
Start importing Assets/RawWoodenFurnitureFree/Materials/planeDemo.mat using Guid(738e69b7d269e1d4ebb32227acf74f1b) Importer(815301076,1909f56bfc062723c751e8b465ee728b)  -> (artifact id: '89dc828310225132d0689378bbe625cb') in 0.016752 seconds 
  Import took 0.023015 seconds .

========================================================================
Received Import Request.
  Time since last request: 0.000367 seconds.
  path: Assets/RawWoodenFurnitureFree/Materials/Table02mat.mat
  artifactKey: Guid(096070bb8d9227d478966d6167a528aa) Importer(815301076,1909f56bfc062723c751e8b465ee728b)
Start importing Assets/RawWoodenFurnitureFree/Materials/Table02mat.mat using Guid(096070bb8d9227d478966d6167a528aa) Importer(815301076,1909f56bfc062723c751e8b465ee728b)  -> (artifact id: '7fab744043b28795f0559096a1ee1d17') in 0.017348 seconds 
  Import took 0.023238 seconds .

========================================================================
Received Import Request.
  Time since last request: 328.346598 seconds.
  path: Assets/Materials/BuildingBlock.mat
  artifactKey: Guid(40097e092d214fc49911a322f7593299) Importer(815301076,1909f56bfc062723c751e8b465ee728b)
Start importing Assets/Materials/BuildingBlock.mat using Guid(40097e092d214fc49911a322f7593299) Importer(815301076,1909f56bfc062723c751e8b465ee728b)  -> (artifact id: '94d54108b61ded7969c696fc8785faef') in 0.015501 seconds 
  Import took 0.021968 seconds .

========================================================================
Received Import Request.
  Time since last request: 0.000485 seconds.
  path: Assets/Materials/Pudding.mat
  artifactKey: Guid(df8431652cae3ac4daa9bfd4db22baa8) Importer(815301076,1909f56bfc062723c751e8b465ee728b)
Start importing Assets/Materials/Pudding.mat using Guid(df8431652cae3ac4daa9bfd4db22baa8) Importer(815301076,1909f56bfc062723c751e8b465ee728b)  -> (artifact id: '5f8b3b4c85cf5e39dc2fd9bd4856d168') in 0.059345 seconds 
  Import took 0.065423 seconds .

========================================================================
Received Import Request.
  Time since last request: 0.000357 seconds.
  path: Assets/Materials/Choco.mat
  artifactKey: Guid(59537c3f0aa0f8340ae054c7aaf1e619) Importer(815301076,1909f56bfc062723c751e8b465ee728b)
Start importing Assets/Materials/Choco.mat using Guid(59537c3f0aa0f8340ae054c7aaf1e619) Importer(815301076,1909f56bfc062723c751e8b465ee728b)  -> (artifact id: 'b31da20496c685a2801abd2cd71676a0') in 0.013921 seconds 
  Import took 0.019672 seconds .

========================================================================
Received Import Request.
  Time since last request: 0.000447 seconds.
  path: Assets/Materials/New Material.mat
  artifactKey: Guid(9ed6d209aab01a44bb4ab96319e1ba03) Importer(815301076,1909f56bfc062723c751e8b465ee728b)
Start importing Assets/Materials/New Material.mat using Guid(9ed6d209aab01a44bb4ab96319e1ba03) Importer(815301076,1909f56bfc062723c751e8b465ee728b)  -> (artifact id: '9c7b4fd76de04e4ae0b32a3d51d7cbac') in 0.019296 seconds 
  Import took 0.025499 seconds .

========================================================================
Received Import Request.
  Time since last request: 147.005028 seconds.
  path: Assets/Materials/Hammar.mat
  artifactKey: Guid(f52b31503404af84987423eb27b351c7) Importer(815301076,1909f56bfc062723c751e8b465ee728b)
Start importing Assets/Materials/Hammar.mat using Guid(f52b31503404af84987423eb27b351c7) Importer(815301076,1909f56bfc062723c751e8b465ee728b)  -> (artifact id: '2998f6b3cc7584d46db99d6aba1fa8af') in 0.016803 seconds 
  Import took 0.023470 seconds .

========================================================================
Received Import Request.
  Time since last request: 217.618047 seconds.
  path: Assets/Scenes/KidCourt.unity
  artifactKey: Guid(9fc0d4010bbf28b4594072e72b8655ab) Importer(815301076,1909f56bfc062723c751e8b465ee728b)
Start importing Assets/Scenes/KidCourt.unity using Guid(9fc0d4010bbf28b4594072e72b8655ab) Importer(815301076,1909f56bfc062723c751e8b465ee728b)  -> (artifact id: '5cd9411069001528f8db99f8a38be905') in 0.005868 seconds 
  Import took 0.012254 seconds .

========================================================================
Received Import Request.
  Time since last request: 79.683286 seconds.
  path: Assets/Materials/Hammar.mat
  artifactKey: Guid(f52b31503404af84987423eb27b351c7) Importer(815301076,1909f56bfc062723c751e8b465ee728b)
Start importing Assets/Materials/Hammar.mat using Guid(f52b31503404af84987423eb27b351c7) Importer(815301076,1909f56bfc062723c751e8b465ee728b)  -> (artifact id: 'e5d2f9db1f786d8876c4bba9deaa582c') in 0.015797 seconds 
  Import took 0.022147 seconds .

========================================================================
Received Import Request.
  Time since last request: 1119.281171 seconds.
  path: Assets/Materials/New Material 1.mat
  artifactKey: Guid(f38641422ed7bf245bf129acaaab2f13) Importer(815301076,1909f56bfc062723c751e8b465ee728b)
Start importing Assets/Materials/New Material 1.mat using Guid(f38641422ed7bf245bf129acaaab2f13) Importer(815301076,1909f56bfc062723c751e8b465ee728b)  -> (artifact id: '2e92b0bf4199e5cc188d428769149c9a') in 0.014717 seconds 
  Import took 0.021353 seconds .

========================================================================
Received Import Request.
  Time since last request: 28.368066 seconds.
  path: Assets/Materials/White Choco.mat
  artifactKey: Guid(f38641422ed7bf245bf129acaaab2f13) Importer(815301076,1909f56bfc062723c751e8b465ee728b)
Start importing Assets/Materials/White Choco.mat using Guid(f38641422ed7bf245bf129acaaab2f13) Importer(815301076,1909f56bfc062723c751e8b465ee728b)  -> (artifact id: 'fe28265947ad13645da2467d01b30d4e') in 0.014381 seconds 
  Import took 0.020744 seconds .

========================================================================
Received Import Request.
  Time since last request: 100.606528 seconds.
  path: Assets/Materials/New Material 1.mat
  artifactKey: Guid(f38641422ed7bf245bf129acaaab2f13) Importer(815301076,1909f56bfc062723c751e8b465ee728b)
Start importing Assets/Materials/New Material 1.mat using Guid(f38641422ed7bf245bf129acaaab2f13) Importer(815301076,1909f56bfc062723c751e8b465ee728b)  -> (artifact id: 'f07db9144b029fe0f2af0f1b5d5dfe7b') in 0.015051 seconds 
  Import took 0.021435 seconds .

========================================================================
Received Import Request.
  Time since last request: 1052.744633 seconds.
  path: Assets/flag/2000px-Black_Dragon_Flag.svg.png
  artifactKey: Guid(ad53efd1d50b20d4a843200f7c05a9ec) Importer(815301076,1909f56bfc062723c751e8b465ee728b)
Start importing Assets/flag/2000px-Black_Dragon_Flag.svg.png using Guid(ad53efd1d50b20d4a843200f7c05a9ec) Importer(815301076,1909f56bfc062723c751e8b465ee728b)  -> (artifact id: '0c9ce6d66339255077b1227e69557a24') in 0.075689 seconds 
  Import took 0.082412 seconds .

========================================================================
Received Import Request.
  Time since last request: 0.000508 seconds.
  path: Assets/flag/flag_med.fbx
  artifactKey: Guid(8a2ecdc9357d87d429af6f58cafb5839) Importer(815301076,1909f56bfc062723c751e8b465ee728b)
Start importing Assets/flag/flag_med.fbx using Guid(8a2ecdc9357d87d429af6f58cafb5839) Importer(815301076,1909f56bfc062723c751e8b465ee728b)  -> (artifact id: '78e68b67f2ed03a85e141379e7b55eb1') in 0.056024 seconds 
  Import took 0.061906 seconds .

========================================================================
Received Import Request.
  Time since last request: 0.000658 seconds.
  path: Assets/flag/flag_med.prefab
  artifactKey: Guid(df8b2e05e6bc70e4eb740280ce078f7f) Importer(815301076,1909f56bfc062723c751e8b465ee728b)
Start importing Assets/flag/flag_med.prefab using Guid(df8b2e05e6bc70e4eb740280ce078f7f) Importer(815301076,1909f56bfc062723c751e8b465ee728b)  -> (artifact id: 'c2da484981e6c57ae9f3a8ae518bdb9e') in 0.029661 seconds 
  Import took 0.036171 seconds .

========================================================================
Received Import Request.
  Time since last request: 987.207493 seconds.
  path: Assets/Cat_Clock/Materials
  artifactKey: Guid(bbfc91093e137c0489794aac00cf623f) Importer(815301076,1909f56bfc062723c751e8b465ee728b)
Start importing Assets/Cat_Clock/Materials using Guid(bbfc91093e137c0489794aac00cf623f) Importer(815301076,1909f56bfc062723c751e8b465ee728b)  -> (artifact id: 'a8beff3c44d6a25a234f6f61784b8283') in 0.004039 seconds 
  Import took 0.009736 seconds .

========================================================================
Received Import Request.
  Time since last request: 0.785667 seconds.
  path: Assets/Cat_Clock/Meshes
  artifactKey: Guid(5fd31129d62781e4b80c95daf18c0495) Importer(815301076,1909f56bfc062723c751e8b465ee728b)
Start importing Assets/Cat_Clock/Meshes using Guid(5fd31129d62781e4b80c95daf18c0495) Importer(815301076,1909f56bfc062723c751e8b465ee728b)  -> (artifact id: '109aedfff7d46868c498ddfea2227963') in 0.004863 seconds 
  Import took 0.012048 seconds .

========================================================================
Received Import Request.
  Time since last request: 0.852446 seconds.
  path: Assets/Cat_Clock/Scenes
  artifactKey: Guid(5087c22e46c94cc4091ba375f525c3eb) Importer(815301076,1909f56bfc062723c751e8b465ee728b)
Start importing Assets/Cat_Clock/Scenes using Guid(5087c22e46c94cc4091ba375f525c3eb) Importer(815301076,1909f56bfc062723c751e8b465ee728b)  -> (artifact id: 'accf408d8b202b40284fefb8a99dbf6b') in 0.004311 seconds 
  Import took 0.009717 seconds .

========================================================================
Received Import Request.
  Time since last request: 0.643903 seconds.
  path: Assets/Cat_Clock/Prefabs
  artifactKey: Guid(b8166c51529700641a0ec37fdb9b864c) Importer(815301076,1909f56bfc062723c751e8b465ee728b)
Start importing Assets/Cat_Clock/Prefabs using Guid(b8166c51529700641a0ec37fdb9b864c) Importer(815301076,1909f56bfc062723c751e8b465ee728b)  -> (artifact id: '25a7b2408105f08c098016cf0b8c452e') in 0.004588 seconds 
  Import took 0.010615 seconds .

========================================================================
Received Import Request.
  Time since last request: 0.062982 seconds.
  path: Assets/Cat_Clock/Prefabs/Cat_Clock (1) Variant.prefab
  artifactKey: Guid(4c3adc22b7f4f4b40b4ad4e6907f3de8) Importer(815301076,1909f56bfc062723c751e8b465ee728b)
Start importing Assets/Cat_Clock/Prefabs/Cat_Clock (1) Variant.prefab using Guid(4c3adc22b7f4f4b40b4ad4e6907f3de8) Importer(815301076,1909f56bfc062723c751e8b465ee728b)  -> (artifact id: '5c956840f0dc776fa9381ec1258f6200') in 0.044736 seconds 
  Import took 0.051034 seconds .

========================================================================
Received Import Request.
  Time since last request: 0.000418 seconds.
  path: Assets/Cat_Clock/Prefabs/Cat_Clock (2) Variant.prefab
  artifactKey: Guid(41a8b1a39e0360b42aaef53efa48ba1f) Importer(815301076,1909f56bfc062723c751e8b465ee728b)
Start importing Assets/Cat_Clock/Prefabs/Cat_Clock (2) Variant.prefab using Guid(41a8b1a39e0360b42aaef53efa48ba1f) Importer(815301076,1909f56bfc062723c751e8b465ee728b)  -> (artifact id: 'e46468bdaa6705f4a769254fdf83a536') in 0.023676 seconds 
  Import took 0.030681 seconds .

========================================================================
Received Import Request.
  Time since last request: 0.000429 seconds.
  path: Assets/Cat_Clock/Prefabs/Cat_Clock (5) Variant.prefab
  artifactKey: Guid(90fe9efa62881734189e40de27588c4e) Importer(815301076,1909f56bfc062723c751e8b465ee728b)
Start importing Assets/Cat_Clock/Prefabs/Cat_Clock (5) Variant.prefab using Guid(90fe9efa62881734189e40de27588c4e) Importer(815301076,1909f56bfc062723c751e8b465ee728b)  -> (artifact id: '11518bd1410a396d6f1822d0553b2e53') in 0.030334 seconds 
  Import took 0.037026 seconds .

========================================================================
Received Import Request.
  Time since last request: 0.000382 seconds.
  path: Assets/Cat_Clock/Prefabs/Cat_Clock (3) Variant.prefab
  artifactKey: Guid(67824c7b894290541b46c528c2534846) Importer(815301076,1909f56bfc062723c751e8b465ee728b)
Start importing Assets/Cat_Clock/Prefabs/Cat_Clock (3) Variant.prefab using Guid(67824c7b894290541b46c528c2534846) Importer(815301076,1909f56bfc062723c751e8b465ee728b)  -> (artifact id: '624b65fe1e8756851a60df542c5bfc19') in 0.027883 seconds 
  Import took 0.034595 seconds .

========================================================================
Received Import Request.
  Time since last request: 0.000413 seconds.
  path: Assets/Cat_Clock/Prefabs/Cat_Clock (4) Variant.prefab
  artifactKey: Guid(dcc9e076f8d42d84f94ee3c9d2e0cfad) Importer(815301076,1909f56bfc062723c751e8b465ee728b)
Start importing Assets/Cat_Clock/Prefabs/Cat_Clock (4) Variant.prefab using Guid(dcc9e076f8d42d84f94ee3c9d2e0cfad) Importer(815301076,1909f56bfc062723c751e8b465ee728b)  -> (artifact id: '29d83487af70bf88124fb96b563c8e38') in 0.033802 seconds 
  Import took 0.040068 seconds .

========================================================================
Received Import Request.
  Time since last request: 166.115937 seconds.
  path: Assets/Materials/Chair.mat
  artifactKey: Guid(f85482185d83e544b9b4fb446dd30d44) Importer(815301076,1909f56bfc062723c751e8b465ee728b)
Start importing Assets/Materials/Chair.mat using Guid(f85482185d83e544b9b4fb446dd30d44) Importer(815301076,1909f56bfc062723c751e8b465ee728b)  -> (artifact id: 'bef30f3119078b11fa62f0634c0e74f6') in 0.019607 seconds 
  Import took 0.026801 seconds .

========================================================================
Received Import Request.
  Time since last request: 103.162995 seconds.
  path: Assets/Cat_Clock/Materials/Demo_Sky.mat
  artifactKey: Guid(2c26ad67f40682548ba27d3b5c9f6116) Importer(815301076,1909f56bfc062723c751e8b465ee728b)
Start importing Assets/Cat_Clock/Materials/Demo_Sky.mat using Guid(2c26ad67f40682548ba27d3b5c9f6116) Importer(815301076,1909f56bfc062723c751e8b465ee728b)  -> (artifact id: 'f7bf3e1d752c4358c3fe8195e64cc0a8') in 0.056580 seconds 
  Import took 0.062279 seconds .

========================================================================
Received Import Request.
  Time since last request: 0.000526 seconds.
  path: Assets/Cat_Clock/Materials/Glass.mat
  artifactKey: Guid(366b8ebc4709eaa4c9d6bd79c4205c5c) Importer(815301076,1909f56bfc062723c751e8b465ee728b)
Start importing Assets/Cat_Clock/Materials/Glass.mat using Guid(366b8ebc4709eaa4c9d6bd79c4205c5c) Importer(815301076,1909f56bfc062723c751e8b465ee728b)  -> (artifact id: 'beaf83590f033f58b4a67d2bd5339d78') in 0.015229 seconds 
  Import took 0.021373 seconds .

========================================================================
Received Import Request.
  Time since last request: 11.759277 seconds.
  path: Assets/Cat_Clock/Materials/Main_Body
  artifactKey: Guid(9274c80610dd29543bead642733a1262) Importer(815301076,1909f56bfc062723c751e8b465ee728b)
Start importing Assets/Cat_Clock/Materials/Main_Body using Guid(9274c80610dd29543bead642733a1262) Importer(815301076,1909f56bfc062723c751e8b465ee728b)  -> (artifact id: '79d0ccbd341b868b0d50e55f247c616e') in 0.004709 seconds 
  Import took 0.011432 seconds .

========================================================================
Received Import Request.
  Time since last request: 0.030532 seconds.
  path: Assets/Cat_Clock/Materials/Main_Body/Cat_Clock_01.mat
  artifactKey: Guid(0cc79bd779293fe40be49d47ac5b6eeb) Importer(815301076,1909f56bfc062723c751e8b465ee728b)
Start importing Assets/Cat_Clock/Materials/Main_Body/Cat_Clock_01.mat using Guid(0cc79bd779293fe40be49d47ac5b6eeb) Importer(815301076,1909f56bfc062723c751e8b465ee728b)  -> (artifact id: '1cd28d8f7da13e88d60f46ef7473932e') in 0.368387 seconds 
  Import took 0.374264 seconds .

========================================================================
Received Import Request.
  Time since last request: 0.000388 seconds.
  path: Assets/Cat_Clock/Materials/Main_Body/Cat_Clock_06.mat
  artifactKey: Guid(68cc17f8b040a434990a5f88debc28a1) Importer(815301076,1909f56bfc062723c751e8b465ee728b)
Start importing Assets/Cat_Clock/Materials/Main_Body/Cat_Clock_06.mat using Guid(68cc17f8b040a434990a5f88debc28a1) Importer(815301076,1909f56bfc062723c751e8b465ee728b)  -> (artifact id: 'e1585f63756f205e37cb5dad20dc694f') in 0.030433 seconds 
  Import took 0.036385 seconds .

========================================================================
Received Import Request.
  Time since last request: 0.000477 seconds.
  path: Assets/Cat_Clock/Materials/Main_Body/Cat_Clock_03.mat
  artifactKey: Guid(43de306a2b3c31d42bc5a1a46630a7fa) Importer(815301076,1909f56bfc062723c751e8b465ee728b)
Start importing Assets/Cat_Clock/Materials/Main_Body/Cat_Clock_03.mat using Guid(43de306a2b3c31d42bc5a1a46630a7fa) Importer(815301076,1909f56bfc062723c751e8b465ee728b)  -> (artifact id: '8ad2ef81b30e2bb7b8a6f5c16ebe3e0a') in 0.026946 seconds 
  Import took 0.033981 seconds .

========================================================================
Received Import Request.
  Time since last request: 0.000499 seconds.
  path: Assets/Cat_Clock/Materials/Main_Body/Cat_Clock_04.mat
  artifactKey: Guid(8399dd905c7b6424e9526a430291899f) Importer(815301076,1909f56bfc062723c751e8b465ee728b)
Start importing Assets/Cat_Clock/Materials/Main_Body/Cat_Clock_04.mat using Guid(8399dd905c7b6424e9526a430291899f) Importer(815301076,1909f56bfc062723c751e8b465ee728b)  -> (artifact id: 'e53e92bb7b43717a276161179fa94d55') in 0.033265 seconds 
  Import took 0.039383 seconds .

========================================================================
Received Import Request.
  Time since last request: 0.000374 seconds.
  path: Assets/Cat_Clock/Materials/Main_Body/Cat_Clock_05.mat
  artifactKey: Guid(56514a1be2e18cd4db30ea0905a34cbb) Importer(815301076,1909f56bfc062723c751e8b465ee728b)
Start importing Assets/Cat_Clock/Materials/Main_Body/Cat_Clock_05.mat using Guid(56514a1be2e18cd4db30ea0905a34cbb) Importer(815301076,1909f56bfc062723c751e8b465ee728b)  -> (artifact id: '9010c456f9cd721732b7d0908b386e15') in 0.028047 seconds 
  Import took 0.033236 seconds .

========================================================================
Received Import Request.
  Time since last request: 30.790904 seconds.
  path: Assets/RawWoodenFurnitureFree/Prefabs/BedSingle01emptyV1.prefab
  artifactKey: Guid(e3729cab5cd8f4c459ef8d249965eeae) Importer(815301076,1909f56bfc062723c751e8b465ee728b)
Start importing Assets/RawWoodenFurnitureFree/Prefabs/BedSingle01emptyV1.prefab using Guid(e3729cab5cd8f4c459ef8d249965eeae) Importer(815301076,1909f56bfc062723c751e8b465ee728b)  -> (artifact id: 'f714151dd2a73fcde131275dbaac381c') in 0.017253 seconds 
  Import took 0.023565 seconds .

========================================================================
Received Import Request.
  Time since last request: 0.000411 seconds.
  path: Assets/RawWoodenFurnitureFree/Prefabs/Cabinet04.prefab
  artifactKey: Guid(d7f16bebf84a8be45a4edf754a799508) Importer(815301076,1909f56bfc062723c751e8b465ee728b)
Start importing Assets/RawWoodenFurnitureFree/Prefabs/Cabinet04.prefab using Guid(d7f16bebf84a8be45a4edf754a799508) Importer(815301076,1909f56bfc062723c751e8b465ee728b)  -> (artifact id: '5a35200802e586c77e26b66595c7c253') in 0.028288 seconds 
  Import took 0.034508 seconds .

========================================================================
Received Import Request.
  Time since last request: 0.000705 seconds.
  path: Assets/RawWoodenFurnitureFree/Prefabs/Chair02v2.prefab
  artifactKey: Guid(a4e0ff4643b80d547ba35af8e6089350) Importer(815301076,1909f56bfc062723c751e8b465ee728b)
Start importing Assets/RawWoodenFurnitureFree/Prefabs/Chair02v2.prefab using Guid(a4e0ff4643b80d547ba35af8e6089350) Importer(815301076,1909f56bfc062723c751e8b465ee728b)  -> (artifact id: '6175b088967c4a4e480992c65651f405') in 0.028169 seconds 
  Import took 0.034685 seconds .

========================================================================
Received Import Request.
  Time since last request: 0.000620 seconds.
  path: Packages/com.unity.render-pipelines.core/Runtime/Debugging/Prefabs/Widgets/DebugUI Button.prefab
  artifactKey: Guid(f6ce33b91f6ffe54cadacbf4bb112440) Importer(815301076,1909f56bfc062723c751e8b465ee728b)
Start importing Packages/com.unity.render-pipelines.core/Runtime/Debugging/Prefabs/Widgets/DebugUI Button.prefab using Guid(f6ce33b91f6ffe54cadacbf4bb112440) Importer(815301076,1909f56bfc062723c751e8b465ee728b)  -> (artifact id: '390463d408c9a1de24d495cfab644851') in 0.034302 seconds 
  Import took 0.040029 seconds .

========================================================================
Received Import Request.
  Time since last request: 0.000502 seconds.
  path: Packages/com.unity.render-pipelines.core/Runtime/Debugging/Prefabs/Widgets/DebugUI BitField.prefab
  artifactKey: Guid(7c78b588b2e1f7c4a86ca4a985cf6e4a) Importer(815301076,1909f56bfc062723c751e8b465ee728b)
Start importing Packages/com.unity.render-pipelines.core/Runtime/Debugging/Prefabs/Widgets/DebugUI BitField.prefab using Guid(7c78b588b2e1f7c4a86ca4a985cf6e4a) Importer(815301076,1909f56bfc062723c751e8b465ee728b)  -> (artifact id: '7a5eda567ceb5af5a8b9700a98ab5bf6') in 0.035867 seconds 
  Import took 0.041886 seconds .

========================================================================
Received Import Request.
  Time since last request: 0.000501 seconds.
  path: Packages/com.unity.render-pipelines.core/Runtime/Debugging/Prefabs/Resources/DebugUI Canvas.prefab
  artifactKey: Guid(cf6cbdd672089a84796e55a21fed1cbe) Importer(815301076,1909f56bfc062723c751e8b465ee728b)
Start importing Packages/com.unity.render-pipelines.core/Runtime/Debugging/Prefabs/Resources/DebugUI Canvas.prefab using Guid(cf6cbdd672089a84796e55a21fed1cbe) Importer(815301076,1909f56bfc062723c751e8b465ee728b)  -> (artifact id: 'cba977e265abcf25071a11696f11a70d') in 0.071193 seconds 
  Import took 0.078521 seconds .

========================================================================
Received Import Request.
  Time since last request: 1.634734 seconds.
  path: Assets/Cat_Clock/Meshes/Cat_Clock.fbx
  artifactKey: Guid(97f339b0885ba634d8879230c927c635) Importer(815301076,1909f56bfc062723c751e8b465ee728b)
Start importing Assets/Cat_Clock/Meshes/Cat_Clock.fbx using Guid(97f339b0885ba634d8879230c927c635) Importer(815301076,1909f56bfc062723c751e8b465ee728b)  -> (artifact id: '1f37d210449707f2490ef0ee77ea812d') in 0.105051 seconds 
  Import took 0.110886 seconds .

========================================================================
Received Import Request.
  Time since last request: 22.834049 seconds.
  path: Assets/Materials/Bear.mat
  artifactKey: Guid(2c7ddc408b8c9f347a82eea7e0a2646a) Importer(815301076,1909f56bfc062723c751e8b465ee728b)
Start importing Assets/Materials/Bear.mat using Guid(2c7ddc408b8c9f347a82eea7e0a2646a) Importer(815301076,1909f56bfc062723c751e8b465ee728b)  -> (artifact id: 'febb0154f7d7b140da4f31be211767aa') in 0.020510 seconds 
  Import took 0.026720 seconds .

========================================================================
Received Import Request.
  Time since last request: 0.000363 seconds.
  path: Assets/Materials/Chair.mat
  artifactKey: Guid(f85482185d83e544b9b4fb446dd30d44) Importer(815301076,1909f56bfc062723c751e8b465ee728b)
Start importing Assets/Materials/Chair.mat using Guid(f85482185d83e544b9b4fb446dd30d44) Importer(815301076,1909f56bfc062723c751e8b465ee728b)  -> (artifact id: '49bc2ab17e7311ff571a027e85774ccd') in 0.022868 seconds 
  Import took 0.029777 seconds .

========================================================================
Received Import Request.
  Time since last request: 144.893310 seconds.
  path: Assets/Cat_Clock/Materials/Glass.mat
  artifactKey: Guid(366b8ebc4709eaa4c9d6bd79c4205c5c) Importer(815301076,1909f56bfc062723c751e8b465ee728b)
Start importing Assets/Cat_Clock/Materials/Glass.mat using Guid(366b8ebc4709eaa4c9d6bd79c4205c5c) Importer(815301076,1909f56bfc062723c751e8b465ee728b)  -> (artifact id: '51ced3e505cf6554b93c53f96e29aa7c') in 0.013177 seconds 
  Import took 0.019918 seconds .

========================================================================
Received Import Request.
  Time since last request: 0.429526 seconds.
  path: Assets/Cat_Clock/Materials/Main_Body/Cat_Clock_01.mat
  artifactKey: Guid(0cc79bd779293fe40be49d47ac5b6eeb) Importer(815301076,1909f56bfc062723c751e8b465ee728b)
Start importing Assets/Cat_Clock/Materials/Main_Body/Cat_Clock_01.mat using Guid(0cc79bd779293fe40be49d47ac5b6eeb) Importer(815301076,1909f56bfc062723c751e8b465ee728b)  -> (artifact id: '55c24e264ddf4b621a011dbee42342bf') in 0.020609 seconds 
  Import took 0.028661 seconds .

========================================================================
Received Import Request.
  Time since last request: 0.000759 seconds.
  path: Assets/Cat_Clock/Materials/Main_Body/Cat_Clock_06.mat
  artifactKey: Guid(68cc17f8b040a434990a5f88debc28a1) Importer(815301076,1909f56bfc062723c751e8b465ee728b)
Start importing Assets/Cat_Clock/Materials/Main_Body/Cat_Clock_06.mat using Guid(68cc17f8b040a434990a5f88debc28a1) Importer(815301076,1909f56bfc062723c751e8b465ee728b)  -> (artifact id: '26ac95a2bf35a99957ad599eb6a0e027') in 0.031939 seconds 
  Import took 0.038313 seconds .

========================================================================
Received Import Request.
  Time since last request: 0.000526 seconds.
  path: Assets/Cat_Clock/Materials/Main_Body/Cat_Clock_03.mat
  artifactKey: Guid(43de306a2b3c31d42bc5a1a46630a7fa) Importer(815301076,1909f56bfc062723c751e8b465ee728b)
Start importing Assets/Cat_Clock/Materials/Main_Body/Cat_Clock_03.mat using Guid(43de306a2b3c31d42bc5a1a46630a7fa) Importer(815301076,1909f56bfc062723c751e8b465ee728b)  -> (artifact id: '8268ba5c802e36564e0dfc4bf50157e5') in 0.041389 seconds 
  Import took 0.047704 seconds .

========================================================================
Received Import Request.
  Time since last request: 0.000455 seconds.
  path: Assets/Cat_Clock/Materials/Main_Body/Cat_Clock_04.mat
  artifactKey: Guid(8399dd905c7b6424e9526a430291899f) Importer(815301076,1909f56bfc062723c751e8b465ee728b)
Start importing Assets/Cat_Clock/Materials/Main_Body/Cat_Clock_04.mat using Guid(8399dd905c7b6424e9526a430291899f) Importer(815301076,1909f56bfc062723c751e8b465ee728b)  -> (artifact id: '7e3f07d09e9f30cb606ec07246d0fa33') in 0.052502 seconds 
  Import took 0.058246 seconds .

========================================================================
Received Import Request.
  Time since last request: 0.000443 seconds.
  path: Assets/Cat_Clock/Materials/Main_Body/Cat_Clock_05.mat
  artifactKey: Guid(56514a1be2e18cd4db30ea0905a34cbb) Importer(815301076,1909f56bfc062723c751e8b465ee728b)
Start importing Assets/Cat_Clock/Materials/Main_Body/Cat_Clock_05.mat using Guid(56514a1be2e18cd4db30ea0905a34cbb) Importer(815301076,1909f56bfc062723c751e8b465ee728b)  -> (artifact id: 'b20e1ceee3a6747d2a6f0e727c280c3c') in 0.035372 seconds 
  Import took 0.041518 seconds .

========================================================================
Received Import Request.
  Time since last request: 367.123141 seconds.
  path: Assets/Materials/Bear.mat
  artifactKey: Guid(2c7ddc408b8c9f347a82eea7e0a2646a) Importer(815301076,1909f56bfc062723c751e8b465ee728b)
Start importing Assets/Materials/Bear.mat using Guid(2c7ddc408b8c9f347a82eea7e0a2646a) Importer(815301076,1909f56bfc062723c751e8b465ee728b)  -> (artifact id: 'eecc920fca5f997c918f211ac9facbfe') in 0.016104 seconds 
  Import took 0.022438 seconds .

========================================================================
Received Import Request.
  Time since last request: 0.000452 seconds.
  path: Assets/Materials/Chair.mat
  artifactKey: Guid(f85482185d83e544b9b4fb446dd30d44) Importer(815301076,1909f56bfc062723c751e8b465ee728b)
Start importing Assets/Materials/Chair.mat using Guid(f85482185d83e544b9b4fb446dd30d44) Importer(815301076,1909f56bfc062723c751e8b465ee728b)  -> (artifact id: 'ba82afa8974052ec4fd271d395fc0815') in 0.013699 seconds 
  Import took 0.019796 seconds .

========================================================================
Received Import Request.
  Time since last request: 0.000446 seconds.
  path: Assets/Materials/New Material 2.mat
  artifactKey: Guid(f9146b6b4f83cb043a32837cca47acb1) Importer(815301076,1909f56bfc062723c751e8b465ee728b)
Start importing Assets/Materials/New Material 2.mat using Guid(f9146b6b4f83cb043a32837cca47acb1) Importer(815301076,1909f56bfc062723c751e8b465ee728b)  -> (artifact id: 'e236e070328ae8ac7db5e9bcd7a8c7b9') in 0.012908 seconds 
  Import took 0.018551 seconds .

========================================================================
Received Import Request.
  Time since last request: 50.825048 seconds.
  path: Assets/Materials/New Material 2.mat
  artifactKey: Guid(f9146b6b4f83cb043a32837cca47acb1) Importer(815301076,1909f56bfc062723c751e8b465ee728b)
Start importing Assets/Materials/New Material 2.mat using Guid(f9146b6b4f83cb043a32837cca47acb1) Importer(815301076,1909f56bfc062723c751e8b465ee728b)  -> (artifact id: '494fa8d4d757b5e97c3d25ddf47b2df7') in 0.020813 seconds 
  Import took 0.027274 seconds .

AssetImportWorkerClient::OnTransportError - code=2 error=End of file
